[0.023s] Invoking command in '/home/host/dev_ws/autobot/src/build/turtlebot3_navigation2': CMAKE_PREFIX_PATH=/opt/ros/humble /usr/bin/cmake /home/host/dev_ws/autobot/src/turtlebot3/turtlebot3_navigation2 -DCMAKE_INSTALL_PREFIX=/home/host/dev_ws/autobot/src/install/turtlebot3_navigation2
[0.360s] -- The C compiler identification is GNU 11.4.0
[0.360s] -- The CXX compiler identification is GNU 11.4.0
[0.360s] -- Detecting C compiler ABI info
[0.360s] -- Detecting C compiler ABI info - done
[0.360s] -- Check for working C compiler: /usr/bin/cc - skipped
[0.360s] -- Detecting C compile features
[0.360s] -- Detecting C compile features - done
[0.360s] -- Detecting CXX compiler ABI info
[0.360s] -- Detecting CXX compiler ABI info - done
[0.360s] -- Check for working CXX compiler: /usr/bin/c++ - skipped
[0.361s] -- Detecting CXX compile features
[0.361s] -- Detecting CXX compile features - done
[0.361s] -- Found ament_cmake: 1.3.10 (/opt/ros/humble/share/ament_cmake/cmake)
[0.364s] -- Found Python3: /usr/bin/python3 (found version "3.10.12") found components: Interpreter 
[0.542s] -- Configuring done
[0.545s] -- Generating done
[0.547s] -- Build files have been written to: /home/host/dev_ws/autobot/src/build/turtlebot3_navigation2
[0.551s] Invoked command in '/home/host/dev_ws/autobot/src/build/turtlebot3_navigation2' returned '0': CMAKE_PREFIX_PATH=/opt/ros/humble /usr/bin/cmake /home/host/dev_ws/autobot/src/turtlebot3/turtlebot3_navigation2 -DCMAKE_INSTALL_PREFIX=/home/host/dev_ws/autobot/src/install/turtlebot3_navigation2
[0.552s] Invoking command in '/home/host/dev_ws/autobot/src/build/turtlebot3_navigation2': CMAKE_PREFIX_PATH=/opt/ros/humble /usr/bin/cmake --build /home/host/dev_ws/autobot/src/build/turtlebot3_navigation2 -- -j20 -l20
[0.573s] Invoked command in '/home/host/dev_ws/autobot/src/build/turtlebot3_navigation2' returned '0': CMAKE_PREFIX_PATH=/opt/ros/humble /usr/bin/cmake --build /home/host/dev_ws/autobot/src/build/turtlebot3_navigation2 -- -j20 -l20
[0.580s] Invoking command in '/home/host/dev_ws/autobot/src/build/turtlebot3_navigation2': CMAKE_PREFIX_PATH=/opt/ros/humble /usr/bin/cmake --install /home/host/dev_ws/autobot/src/build/turtlebot3_navigation2
[0.584s] -- Install configuration: ""
[0.584s] -- Installing: /home/host/dev_ws/autobot/src/install/turtlebot3_navigation2/share/turtlebot3_navigation2/launch
[0.584s] -- Installing: /home/host/dev_ws/autobot/src/install/turtlebot3_navigation2/share/turtlebot3_navigation2/launch/navigation2.launch.py
[0.584s] -- Installing: /home/host/dev_ws/autobot/src/install/turtlebot3_navigation2/share/turtlebot3_navigation2/map
[0.584s] -- Installing: /home/host/dev_ws/autobot/src/install/turtlebot3_navigation2/share/turtlebot3_navigation2/map/map.pgm
[0.585s] -- Installing: /home/host/dev_ws/autobot/src/install/turtlebot3_navigation2/share/turtlebot3_navigation2/map/map.yaml
[0.585s] -- Installing: /home/host/dev_ws/autobot/src/install/turtlebot3_navigation2/share/turtlebot3_navigation2/param
[0.585s] -- Installing: /home/host/dev_ws/autobot/src/install/turtlebot3_navigation2/share/turtlebot3_navigation2/param/burger.yaml
[0.585s] -- Installing: /home/host/dev_ws/autobot/src/install/turtlebot3_navigation2/share/turtlebot3_navigation2/param/waffle.yaml
[0.585s] -- Installing: /home/host/dev_ws/autobot/src/install/turtlebot3_navigation2/share/turtlebot3_navigation2/param/waffle_pi.yaml
[0.586s] -- Installing: /home/host/dev_ws/autobot/src/install/turtlebot3_navigation2/share/turtlebot3_navigation2/rviz
[0.586s] -- Installing: /home/host/dev_ws/autobot/src/install/turtlebot3_navigation2/share/turtlebot3_navigation2/rviz/tb3_navigation2.rviz
[0.586s] -- Installing: /home/host/dev_ws/autobot/src/install/turtlebot3_navigation2/share/ament_index/resource_index/package_run_dependencies/turtlebot3_navigation2
[0.586s] -- Installing: /home/host/dev_ws/autobot/src/install/turtlebot3_navigation2/share/ament_index/resource_index/parent_prefix_path/turtlebot3_navigation2
[0.587s] -- Installing: /home/host/dev_ws/autobot/src/install/turtlebot3_navigation2/share/turtlebot3_navigation2/environment/ament_prefix_path.sh
[0.587s] -- Installing: /home/host/dev_ws/autobot/src/install/turtlebot3_navigation2/share/turtlebot3_navigation2/environment/ament_prefix_path.dsv
[0.587s] -- Installing: /home/host/dev_ws/autobot/src/install/turtlebot3_navigation2/share/turtlebot3_navigation2/environment/path.sh
[0.588s] -- Installing: /home/host/dev_ws/autobot/src/install/turtlebot3_navigation2/share/turtlebot3_navigation2/environment/path.dsv
[0.588s] -- Installing: /home/host/dev_ws/autobot/src/install/turtlebot3_navigation2/share/turtlebot3_navigation2/local_setup.bash
[0.588s] -- Installing: /home/host/dev_ws/autobot/src/install/turtlebot3_navigation2/share/turtlebot3_navigation2/local_setup.sh
[0.588s] -- Installing: /home/host/dev_ws/autobot/src/install/turtlebot3_navigation2/share/turtlebot3_navigation2/local_setup.zsh
[0.589s] -- Installing: /home/host/dev_ws/autobot/src/install/turtlebot3_navigation2/share/turtlebot3_navigation2/local_setup.dsv
[0.589s] -- Installing: /home/host/dev_ws/autobot/src/install/turtlebot3_navigation2/share/turtlebot3_navigation2/package.dsv
[0.590s] -- Installing: /home/host/dev_ws/autobot/src/install/turtlebot3_navigation2/share/ament_index/resource_index/packages/turtlebot3_navigation2
[0.590s] -- Installing: /home/host/dev_ws/autobot/src/install/turtlebot3_navigation2/share/turtlebot3_navigation2/cmake/turtlebot3_navigation2Config.cmake
[0.590s] -- Installing: /home/host/dev_ws/autobot/src/install/turtlebot3_navigation2/share/turtlebot3_navigation2/cmake/turtlebot3_navigation2Config-version.cmake
[0.590s] -- Installing: /home/host/dev_ws/autobot/src/install/turtlebot3_navigation2/share/turtlebot3_navigation2/package.xml
[0.608s] Invoked command in '/home/host/dev_ws/autobot/src/build/turtlebot3_navigation2' returned '0': CMAKE_PREFIX_PATH=/opt/ros/humble /usr/bin/cmake --install /home/host/dev_ws/autobot/src/build/turtlebot3_navigation2
