running egg_info
creating ../build/autobot_recog/autobot_recog.egg-info
writing ../build/autobot_recog/autobot_recog.egg-info/PKG-INFO
writing dependency_links to ../build/autobot_recog/autobot_recog.egg-info/dependency_links.txt
writing entry points to ../build/autobot_recog/autobot_recog.egg-info/entry_points.txt
writing requirements to ../build/autobot_recog/autobot_recog.egg-info/requires.txt
writing top-level names to ../build/autobot_recog/autobot_recog.egg-info/top_level.txt
writing manifest file '../build/autobot_recog/autobot_recog.egg-info/SOURCES.txt'
reading manifest file '../build/autobot_recog/autobot_recog.egg-info/SOURCES.txt'
writing manifest file '../build/autobot_recog/autobot_recog.egg-info/SOURCES.txt'
running build
running build_py
creating /home/host/dev_ws/autobot/src/build/autobot_recog/build
creating /home/host/dev_ws/autobot/src/build/autobot_recog/build/lib
creating /home/host/dev_ws/autobot/src/build/autobot_recog/build/lib/autobot_recog
copying autobot_recog/__init__.py -> /home/host/dev_ws/autobot/src/build/autobot_recog/build/lib/autobot_recog
running install
running install_lib
creating /home/host/dev_ws/autobot/src/install/autobot_recog/lib/python3.10/site-packages/autobot_recog
copying /home/host/dev_ws/autobot/src/build/autobot_recog/build/lib/autobot_recog/__init__.py -> /home/host/dev_ws/autobot/src/install/autobot_recog/lib/python3.10/site-packages/autobot_recog
byte-compiling /home/host/dev_ws/autobot/src/install/autobot_recog/lib/python3.10/site-packages/autobot_recog/__init__.py to __init__.cpython-310.pyc
running install_data
creating /home/host/dev_ws/autobot/src/install/autobot_recog/share/ament_index
creating /home/host/dev_ws/autobot/src/install/autobot_recog/share/ament_index/resource_index
creating /home/host/dev_ws/autobot/src/install/autobot_recog/share/ament_index/resource_index/packages
copying resource/autobot_recog -> /home/host/dev_ws/autobot/src/install/autobot_recog/share/ament_index/resource_index/packages
copying package.xml -> /home/host/dev_ws/autobot/src/install/autobot_recog/share/autobot_recog
creating /home/host/dev_ws/autobot/src/install/autobot_recog/share/autobot_recog/launch
copying launch/spawn_turtlebot_with_realsense.launch.py -> /home/host/dev_ws/autobot/src/install/autobot_recog/share/autobot_recog/launch
copying launch/2.launch.py -> /home/host/dev_ws/autobot/src/install/autobot_recog/share/autobot_recog/launch
copying launch/world_launch.launch.py -> /home/host/dev_ws/autobot/src/install/autobot_recog/share/autobot_recog/launch
copying launch/rviz_gazebo_camera.launch.py -> /home/host/dev_ws/autobot/src/install/autobot_recog/share/autobot_recog/launch
copying launch/spawn_yolobot.py -> /home/host/dev_ws/autobot/src/install/autobot_recog/share/autobot_recog/launch
copying launch/gazebo.launch.py -> /home/host/dev_ws/autobot/src/install/autobot_recog/share/autobot_recog/launch
copying launch/spawn_turtlebot3.launch.py -> /home/host/dev_ws/autobot/src/install/autobot_recog/share/autobot_recog/launch
copying launch/robot_state_publisher.launch.py -> /home/host/dev_ws/autobot/src/install/autobot_recog/share/autobot_recog/launch
copying launch/1.launch.py -> /home/host/dev_ws/autobot/src/install/autobot_recog/share/autobot_recog/launch
copying launch/spawn_yolobot_launch.launch.py -> /home/host/dev_ws/autobot/src/install/autobot_recog/share/autobot_recog/launch
creating /home/host/dev_ws/autobot/src/install/autobot_recog/share/autobot_recog/urdf
running install_egg_info
Copying ../build/autobot_recog/autobot_recog.egg-info to /home/host/dev_ws/autobot/src/install/autobot_recog/lib/python3.10/site-packages/autobot_recog-0.0.0-py3.10.egg-info
running install_scripts
Installing your_script script to /home/host/dev_ws/autobot/src/install/autobot_recog/lib/autobot_recog
writing list of installed files to '/home/host/dev_ws/autobot/src/build/autobot_recog/install.log'
