[0.813s] Invoking command in '/home/host/dev_ws/autobot/src/autobot_recog': PYTHONPATH=/home/host/dev_ws/autobot/src/build/autobot_recog/prefix_override:/usr/lib/python3/dist-packages/colcon_core/task/python/colcon_distutils_commands:/home/host/dev_ws/autobot/src/install/autobot_recog/lib/python3.10/site-packages:${PYTHONPATH} /usr/bin/python3 -W ignore:setup.py install is deprecated -W ignore:easy_install command is deprecated setup.py egg_info --egg-base ../build/autobot_recog build --build-base /home/host/dev_ws/autobot/src/build/autobot_recog/build install --record /home/host/dev_ws/autobot/src/build/autobot_recog/install.log --single-version-externally-managed install_data
[0.959s] running egg_info
[0.960s] creating ../build/autobot_recog/autobot_recog.egg-info
[0.960s] writing ../build/autobot_recog/autobot_recog.egg-info/PKG-INFO
[0.960s] writing dependency_links to ../build/autobot_recog/autobot_recog.egg-info/dependency_links.txt
[0.960s] writing entry points to ../build/autobot_recog/autobot_recog.egg-info/entry_points.txt
[0.960s] writing requirements to ../build/autobot_recog/autobot_recog.egg-info/requires.txt
[0.960s] writing top-level names to ../build/autobot_recog/autobot_recog.egg-info/top_level.txt
[0.960s] writing manifest file '../build/autobot_recog/autobot_recog.egg-info/SOURCES.txt'
[0.961s] reading manifest file '../build/autobot_recog/autobot_recog.egg-info/SOURCES.txt'
[0.962s] writing manifest file '../build/autobot_recog/autobot_recog.egg-info/SOURCES.txt'
[0.962s] running build
[0.962s] running build_py
[0.962s] creating /home/host/dev_ws/autobot/src/build/autobot_recog/build
[0.962s] creating /home/host/dev_ws/autobot/src/build/autobot_recog/build/lib
[0.962s] creating /home/host/dev_ws/autobot/src/build/autobot_recog/build/lib/autobot_recog
[0.962s] copying autobot_recog/__init__.py -> /home/host/dev_ws/autobot/src/build/autobot_recog/build/lib/autobot_recog
[0.962s] running install
[0.962s] running install_lib
[0.963s] creating /home/host/dev_ws/autobot/src/install/autobot_recog/lib/python3.10/site-packages/autobot_recog
[0.963s] copying /home/host/dev_ws/autobot/src/build/autobot_recog/build/lib/autobot_recog/__init__.py -> /home/host/dev_ws/autobot/src/install/autobot_recog/lib/python3.10/site-packages/autobot_recog
[0.963s] byte-compiling /home/host/dev_ws/autobot/src/install/autobot_recog/lib/python3.10/site-packages/autobot_recog/__init__.py to __init__.cpython-310.pyc
[0.963s] running install_data
[0.963s] creating /home/host/dev_ws/autobot/src/install/autobot_recog/share/ament_index
[0.963s] creating /home/host/dev_ws/autobot/src/install/autobot_recog/share/ament_index/resource_index
[0.963s] creating /home/host/dev_ws/autobot/src/install/autobot_recog/share/ament_index/resource_index/packages
[0.963s] copying resource/autobot_recog -> /home/host/dev_ws/autobot/src/install/autobot_recog/share/ament_index/resource_index/packages
[0.963s] copying package.xml -> /home/host/dev_ws/autobot/src/install/autobot_recog/share/autobot_recog
[0.963s] creating /home/host/dev_ws/autobot/src/install/autobot_recog/share/autobot_recog/launch
[0.963s] copying launch/spawn_turtlebot_with_realsense.launch.py -> /home/host/dev_ws/autobot/src/install/autobot_recog/share/autobot_recog/launch
[0.963s] copying launch/2.launch.py -> /home/host/dev_ws/autobot/src/install/autobot_recog/share/autobot_recog/launch
[0.963s] copying launch/world_launch.launch.py -> /home/host/dev_ws/autobot/src/install/autobot_recog/share/autobot_recog/launch
[0.963s] copying launch/rviz_gazebo_camera.launch.py -> /home/host/dev_ws/autobot/src/install/autobot_recog/share/autobot_recog/launch
[0.964s] copying launch/spawn_yolobot.py -> /home/host/dev_ws/autobot/src/install/autobot_recog/share/autobot_recog/launch
[0.964s] copying launch/gazebo.launch.py -> /home/host/dev_ws/autobot/src/install/autobot_recog/share/autobot_recog/launch
[0.964s] copying launch/spawn_turtlebot3.launch.py -> /home/host/dev_ws/autobot/src/install/autobot_recog/share/autobot_recog/launch
[0.964s] copying launch/robot_state_publisher.launch.py -> /home/host/dev_ws/autobot/src/install/autobot_recog/share/autobot_recog/launch
[0.964s] copying launch/1.launch.py -> /home/host/dev_ws/autobot/src/install/autobot_recog/share/autobot_recog/launch
[0.964s] copying launch/spawn_yolobot_launch.launch.py -> /home/host/dev_ws/autobot/src/install/autobot_recog/share/autobot_recog/launch
[0.964s] creating /home/host/dev_ws/autobot/src/install/autobot_recog/share/autobot_recog/urdf
[0.964s] running install_egg_info
[0.965s] Copying ../build/autobot_recog/autobot_recog.egg-info to /home/host/dev_ws/autobot/src/install/autobot_recog/lib/python3.10/site-packages/autobot_recog-0.0.0-py3.10.egg-info
[0.965s] running install_scripts
[0.980s] Installing your_script script to /home/host/dev_ws/autobot/src/install/autobot_recog/lib/autobot_recog
[0.980s] writing list of installed files to '/home/host/dev_ws/autobot/src/build/autobot_recog/install.log'
[0.997s] Invoked command in '/home/host/dev_ws/autobot/src/autobot_recog' returned '0': PYTHONPATH=/home/host/dev_ws/autobot/src/build/autobot_recog/prefix_override:/usr/lib/python3/dist-packages/colcon_core/task/python/colcon_distutils_commands:/home/host/dev_ws/autobot/src/install/autobot_recog/lib/python3.10/site-packages:${PYTHONPATH} /usr/bin/python3 -W ignore:setup.py install is deprecated -W ignore:easy_install command is deprecated setup.py egg_info --egg-base ../build/autobot_recog build --build-base /home/host/dev_ws/autobot/src/build/autobot_recog/build install --record /home/host/dev_ws/autobot/src/build/autobot_recog/install.log --single-version-externally-managed install_data
