[0.809s] Invoking command in '/home/host/dev_ws/autobot/src/turtlebot3/turtlebot3_teleop': PYTHONPATH=/home/host/dev_ws/autobot/src/build/turtlebot3_teleop/prefix_override:/usr/lib/python3/dist-packages/colcon_core/task/python/colcon_distutils_commands:/home/host/dev_ws/autobot/src/install/turtlebot3_teleop/lib/python3.10/site-packages:${PYTHONPATH} /usr/bin/python3 -W ignore:setup.py install is deprecated -W ignore:easy_install command is deprecated setup.py egg_info --egg-base ../../build/turtlebot3_teleop build --build-base /home/host/dev_ws/autobot/src/build/turtlebot3_teleop/build install --record /home/host/dev_ws/autobot/src/build/turtlebot3_teleop/install.log --single-version-externally-managed install_data
[0.956s] running egg_info
[0.956s] creating ../../build/turtlebot3_teleop/turtlebot3_teleop.egg-info
[0.956s] writing ../../build/turtlebot3_teleop/turtlebot3_teleop.egg-info/PKG-INFO
[0.957s] writing dependency_links to ../../build/turtlebot3_teleop/turtlebot3_teleop.egg-info/dependency_links.txt
[0.957s] writing entry points to ../../build/turtlebot3_teleop/turtlebot3_teleop.egg-info/entry_points.txt
[0.957s] writing requirements to ../../build/turtlebot3_teleop/turtlebot3_teleop.egg-info/requires.txt
[0.957s] writing top-level names to ../../build/turtlebot3_teleop/turtlebot3_teleop.egg-info/top_level.txt
[0.957s] writing manifest file '../../build/turtlebot3_teleop/turtlebot3_teleop.egg-info/SOURCES.txt'
[0.958s] reading manifest file '../../build/turtlebot3_teleop/turtlebot3_teleop.egg-info/SOURCES.txt'
[0.958s] writing manifest file '../../build/turtlebot3_teleop/turtlebot3_teleop.egg-info/SOURCES.txt'
[0.958s] running build
[0.958s] running build_py
[0.958s] creating /home/host/dev_ws/autobot/src/build/turtlebot3_teleop/build
[0.958s] creating /home/host/dev_ws/autobot/src/build/turtlebot3_teleop/build/lib
[0.958s] creating /home/host/dev_ws/autobot/src/build/turtlebot3_teleop/build/lib/turtlebot3_teleop
[0.958s] copying turtlebot3_teleop/__init__.py -> /home/host/dev_ws/autobot/src/build/turtlebot3_teleop/build/lib/turtlebot3_teleop
[0.958s] creating /home/host/dev_ws/autobot/src/build/turtlebot3_teleop/build/lib/turtlebot3_teleop/script
[0.959s] copying turtlebot3_teleop/script/__init__.py -> /home/host/dev_ws/autobot/src/build/turtlebot3_teleop/build/lib/turtlebot3_teleop/script
[0.959s] copying turtlebot3_teleop/script/teleop_keyboard.py -> /home/host/dev_ws/autobot/src/build/turtlebot3_teleop/build/lib/turtlebot3_teleop/script
[0.959s] running install
[0.959s] running install_lib
[0.959s] creating /home/host/dev_ws/autobot/src/install/turtlebot3_teleop/lib/python3.10/site-packages/turtlebot3_teleop
[0.959s] creating /home/host/dev_ws/autobot/src/install/turtlebot3_teleop/lib/python3.10/site-packages/turtlebot3_teleop/script
[0.959s] copying /home/host/dev_ws/autobot/src/build/turtlebot3_teleop/build/lib/turtlebot3_teleop/script/__init__.py -> /home/host/dev_ws/autobot/src/install/turtlebot3_teleop/lib/python3.10/site-packages/turtlebot3_teleop/script
[0.959s] copying /home/host/dev_ws/autobot/src/build/turtlebot3_teleop/build/lib/turtlebot3_teleop/script/teleop_keyboard.py -> /home/host/dev_ws/autobot/src/install/turtlebot3_teleop/lib/python3.10/site-packages/turtlebot3_teleop/script
[0.959s] copying /home/host/dev_ws/autobot/src/build/turtlebot3_teleop/build/lib/turtlebot3_teleop/__init__.py -> /home/host/dev_ws/autobot/src/install/turtlebot3_teleop/lib/python3.10/site-packages/turtlebot3_teleop
[0.960s] byte-compiling /home/host/dev_ws/autobot/src/install/turtlebot3_teleop/lib/python3.10/site-packages/turtlebot3_teleop/script/__init__.py to __init__.cpython-310.pyc
[0.960s] byte-compiling /home/host/dev_ws/autobot/src/install/turtlebot3_teleop/lib/python3.10/site-packages/turtlebot3_teleop/script/teleop_keyboard.py to teleop_keyboard.cpython-310.pyc
[0.961s] byte-compiling /home/host/dev_ws/autobot/src/install/turtlebot3_teleop/lib/python3.10/site-packages/turtlebot3_teleop/__init__.py to __init__.cpython-310.pyc
[0.961s] running install_data
[0.961s] creating /home/host/dev_ws/autobot/src/install/turtlebot3_teleop/share/ament_index
[0.961s] creating /home/host/dev_ws/autobot/src/install/turtlebot3_teleop/share/ament_index/resource_index
[0.961s] creating /home/host/dev_ws/autobot/src/install/turtlebot3_teleop/share/ament_index/resource_index/packages
[0.961s] copying resource/turtlebot3_teleop -> /home/host/dev_ws/autobot/src/install/turtlebot3_teleop/share/ament_index/resource_index/packages
[0.961s] copying package.xml -> /home/host/dev_ws/autobot/src/install/turtlebot3_teleop/share/turtlebot3_teleop
[0.961s] running install_egg_info
[0.962s] Copying ../../build/turtlebot3_teleop/turtlebot3_teleop.egg-info to /home/host/dev_ws/autobot/src/install/turtlebot3_teleop/lib/python3.10/site-packages/turtlebot3_teleop-2.1.5-py3.10.egg-info
[0.963s] running install_scripts
[0.977s] Installing teleop_keyboard script to /home/host/dev_ws/autobot/src/install/turtlebot3_teleop/lib/turtlebot3_teleop
[0.977s] writing list of installed files to '/home/host/dev_ws/autobot/src/build/turtlebot3_teleop/install.log'
[0.994s] Invoked command in '/home/host/dev_ws/autobot/src/turtlebot3/turtlebot3_teleop' returned '0': PYTHONPATH=/home/host/dev_ws/autobot/src/build/turtlebot3_teleop/prefix_override:/usr/lib/python3/dist-packages/colcon_core/task/python/colcon_distutils_commands:/home/host/dev_ws/autobot/src/install/turtlebot3_teleop/lib/python3.10/site-packages:${PYTHONPATH} /usr/bin/python3 -W ignore:setup.py install is deprecated -W ignore:easy_install command is deprecated setup.py egg_info --egg-base ../../build/turtlebot3_teleop build --build-base /home/host/dev_ws/autobot/src/build/turtlebot3_teleop/build install --record /home/host/dev_ws/autobot/src/build/turtlebot3_teleop/install.log --single-version-externally-managed install_data
