[0.026s] Invoking command in '/home/host/dev_ws/autobot/src/build/turtlebot3_cartographer': CMAKE_PREFIX_PATH=/opt/ros/humble /usr/bin/cmake /home/host/dev_ws/autobot/src/turtlebot3/turtlebot3_cartographer -DCMAKE_INSTALL_PREFIX=/home/host/dev_ws/autobot/src/install/turtlebot3_cartographer
[0.362s] -- The C compiler identification is GNU 11.4.0
[0.362s] -- The CXX compiler identification is GNU 11.4.0
[0.362s] -- Detecting C compiler ABI info
[0.362s] -- Detecting C compiler ABI info - done
[0.362s] -- Check for working C compiler: /usr/bin/cc - skipped
[0.363s] -- Detecting C compile features
[0.363s] -- Detecting C compile features - done
[0.363s] -- Detecting CXX compiler ABI info
[0.363s] -- Detecting CXX compiler ABI info - done
[0.363s] -- Check for working CXX compiler: /usr/bin/c++ - skipped
[0.363s] -- Detecting CXX compile features
[0.363s] -- Detecting CXX compile features - done
[0.363s] -- Found ament_cmake: 1.3.10 (/opt/ros/humble/share/ament_cmake/cmake)
[0.368s] -- Found Python3: /usr/bin/python3 (found version "3.10.12") found components: Interpreter 
[0.546s] -- Configuring done
[0.550s] -- Generating done
[0.552s] -- Build files have been written to: /home/host/dev_ws/autobot/src/build/turtlebot3_cartographer
[0.557s] Invoked command in '/home/host/dev_ws/autobot/src/build/turtlebot3_cartographer' returned '0': CMAKE_PREFIX_PATH=/opt/ros/humble /usr/bin/cmake /home/host/dev_ws/autobot/src/turtlebot3/turtlebot3_cartographer -DCMAKE_INSTALL_PREFIX=/home/host/dev_ws/autobot/src/install/turtlebot3_cartographer
[0.559s] Invoking command in '/home/host/dev_ws/autobot/src/build/turtlebot3_cartographer': CMAKE_PREFIX_PATH=/opt/ros/humble /usr/bin/cmake --build /home/host/dev_ws/autobot/src/build/turtlebot3_cartographer -- -j20 -l20
[0.585s] Invoked command in '/home/host/dev_ws/autobot/src/build/turtlebot3_cartographer' returned '0': CMAKE_PREFIX_PATH=/opt/ros/humble /usr/bin/cmake --build /home/host/dev_ws/autobot/src/build/turtlebot3_cartographer -- -j20 -l20
[0.586s] Invoking command in '/home/host/dev_ws/autobot/src/build/turtlebot3_cartographer': CMAKE_PREFIX_PATH=/opt/ros/humble /usr/bin/cmake --install /home/host/dev_ws/autobot/src/build/turtlebot3_cartographer
[0.591s] -- Install configuration: ""
[0.591s] -- Installing: /home/host/dev_ws/autobot/src/install/turtlebot3_cartographer/share/turtlebot3_cartographer/config
[0.591s] -- Installing: /home/host/dev_ws/autobot/src/install/turtlebot3_cartographer/share/turtlebot3_cartographer/config/turtlebot3_lds_2d.lua
[0.591s] -- Installing: /home/host/dev_ws/autobot/src/install/turtlebot3_cartographer/share/turtlebot3_cartographer/launch
[0.591s] -- Installing: /home/host/dev_ws/autobot/src/install/turtlebot3_cartographer/share/turtlebot3_cartographer/launch/cartographer.launch.py
[0.591s] -- Installing: /home/host/dev_ws/autobot/src/install/turtlebot3_cartographer/share/turtlebot3_cartographer/launch/occupancy_grid.launch.py
[0.592s] -- Installing: /home/host/dev_ws/autobot/src/install/turtlebot3_cartographer/share/turtlebot3_cartographer/rviz
[0.592s] -- Installing: /home/host/dev_ws/autobot/src/install/turtlebot3_cartographer/share/turtlebot3_cartographer/rviz/tb3_cartographer.rviz
[0.592s] -- Installing: /home/host/dev_ws/autobot/src/install/turtlebot3_cartographer/share/ament_index/resource_index/package_run_dependencies/turtlebot3_cartographer
[0.592s] -- Installing: /home/host/dev_ws/autobot/src/install/turtlebot3_cartographer/share/ament_index/resource_index/parent_prefix_path/turtlebot3_cartographer
[0.592s] -- Installing: /home/host/dev_ws/autobot/src/install/turtlebot3_cartographer/share/turtlebot3_cartographer/environment/ament_prefix_path.sh
[0.592s] -- Installing: /home/host/dev_ws/autobot/src/install/turtlebot3_cartographer/share/turtlebot3_cartographer/environment/ament_prefix_path.dsv
[0.592s] -- Installing: /home/host/dev_ws/autobot/src/install/turtlebot3_cartographer/share/turtlebot3_cartographer/environment/path.sh
[0.592s] -- Installing: /home/host/dev_ws/autobot/src/install/turtlebot3_cartographer/share/turtlebot3_cartographer/environment/path.dsv
[0.593s] -- Installing: /home/host/dev_ws/autobot/src/install/turtlebot3_cartographer/share/turtlebot3_cartographer/local_setup.bash
[0.593s] -- Installing: /home/host/dev_ws/autobot/src/install/turtlebot3_cartographer/share/turtlebot3_cartographer/local_setup.sh
[0.593s] -- Installing: /home/host/dev_ws/autobot/src/install/turtlebot3_cartographer/share/turtlebot3_cartographer/local_setup.zsh
[0.593s] -- Installing: /home/host/dev_ws/autobot/src/install/turtlebot3_cartographer/share/turtlebot3_cartographer/local_setup.dsv
[0.593s] -- Installing: /home/host/dev_ws/autobot/src/install/turtlebot3_cartographer/share/turtlebot3_cartographer/package.dsv
[0.593s] -- Installing: /home/host/dev_ws/autobot/src/install/turtlebot3_cartographer/share/ament_index/resource_index/packages/turtlebot3_cartographer
[0.593s] -- Installing: /home/host/dev_ws/autobot/src/install/turtlebot3_cartographer/share/turtlebot3_cartographer/cmake/turtlebot3_cartographerConfig.cmake
[0.593s] -- Installing: /home/host/dev_ws/autobot/src/install/turtlebot3_cartographer/share/turtlebot3_cartographer/cmake/turtlebot3_cartographerConfig-version.cmake
[0.594s] -- Installing: /home/host/dev_ws/autobot/src/install/turtlebot3_cartographer/share/turtlebot3_cartographer/package.xml
[0.595s] Invoked command in '/home/host/dev_ws/autobot/src/build/turtlebot3_cartographer' returned '0': CMAKE_PREFIX_PATH=/opt/ros/humble /usr/bin/cmake --install /home/host/dev_ws/autobot/src/build/turtlebot3_cartographer
