/home/host/dev_ws/autobot/src/install/autobot_recog/lib/python3.10/site-packages/autobot_recog/__init__.py
/home/host/dev_ws/autobot/src/install/autobot_recog/lib/python3.10/site-packages/autobot_recog/__pycache__/__init__.cpython-310.pyc
/home/host/dev_ws/autobot/src/install/autobot_recog/share/ament_index/resource_index/packages/autobot_recog
/home/host/dev_ws/autobot/src/install/autobot_recog/share/autobot_recog/package.xml
/home/host/dev_ws/autobot/src/install/autobot_recog/share/autobot_recog/launch/spawn_turtlebot_with_realsense.launch.py
/home/host/dev_ws/autobot/src/install/autobot_recog/share/autobot_recog/launch/2.launch.py
/home/host/dev_ws/autobot/src/install/autobot_recog/share/autobot_recog/launch/world_launch.launch.py
/home/host/dev_ws/autobot/src/install/autobot_recog/share/autobot_recog/launch/rviz_gazebo_camera.launch.py
/home/host/dev_ws/autobot/src/install/autobot_recog/share/autobot_recog/launch/spawn_yolobot.py
/home/host/dev_ws/autobot/src/install/autobot_recog/share/autobot_recog/launch/gazebo.launch.py
/home/host/dev_ws/autobot/src/install/autobot_recog/share/autobot_recog/launch/spawn_turtlebot3.launch.py
/home/host/dev_ws/autobot/src/install/autobot_recog/share/autobot_recog/launch/robot_state_publisher.launch.py
/home/host/dev_ws/autobot/src/install/autobot_recog/share/autobot_recog/launch/1.launch.py
/home/host/dev_ws/autobot/src/install/autobot_recog/share/autobot_recog/launch/spawn_yolobot_launch.launch.py
/home/host/dev_ws/autobot/src/install/autobot_recog/share/autobot_recog/urdf
/home/host/dev_ws/autobot/src/install/autobot_recog/lib/python3.10/site-packages/autobot_recog-0.0.0-py3.10.egg-info/top_level.txt
/home/host/dev_ws/autobot/src/install/autobot_recog/lib/python3.10/site-packages/autobot_recog-0.0.0-py3.10.egg-info/requires.txt
/home/host/dev_ws/autobot/src/install/autobot_recog/lib/python3.10/site-packages/autobot_recog-0.0.0-py3.10.egg-info/zip-safe
/home/host/dev_ws/autobot/src/install/autobot_recog/lib/python3.10/site-packages/autobot_recog-0.0.0-py3.10.egg-info/SOURCES.txt
/home/host/dev_ws/autobot/src/install/autobot_recog/lib/python3.10/site-packages/autobot_recog-0.0.0-py3.10.egg-info/entry_points.txt
/home/host/dev_ws/autobot/src/install/autobot_recog/lib/python3.10/site-packages/autobot_recog-0.0.0-py3.10.egg-info/dependency_links.txt
/home/host/dev_ws/autobot/src/install/autobot_recog/lib/python3.10/site-packages/autobot_recog-0.0.0-py3.10.egg-info/PKG-INFO
/home/host/dev_ws/autobot/src/install/autobot_recog/lib/autobot_recog/your_script
