[0.030s] Invoking command in '/home/host/dev_ws/autobot/src/build/turtlebot3_simulations': AMENT_PREFIX_PATH=/home/host/dev_ws/autobot/src/install/turtlebot3_fake_node:/home/host/dev_ws/autobot/src/install/turtlebot3_msgs:/home/host/dev_ws/autobot/src/install/turtlebot3_gazebo:${AMENT_PREFIX_PATH} CMAKE_PREFIX_PATH=/home/host/dev_ws/autobot/src/install/turtlebot3_fake_node:/home/host/dev_ws/autobot/src/install/turtlebot3_msgs:/home/host/dev_ws/autobot/src/install/turtlebot3_gazebo:/opt/ros/humble LD_LIBRARY_PATH=/home/host/dev_ws/autobot/src/install/turtlebot3_msgs/lib:${LD_LIBRARY_PATH} PYTHONPATH=/home/host/dev_ws/autobot/src/install/turtlebot3_msgs/local/lib/python3.10/dist-packages:${PYTHONPATH} /usr/bin/cmake /home/host/dev_ws/autobot/src/turtlebot3_simulations/turtlebot3_simulations -DCMAKE_INSTALL_PREFIX=/home/host/dev_ws/autobot/src/install/turtlebot3_simulations
[0.094s] -- The C compiler identification is GNU 11.4.0
[0.137s] -- The CXX compiler identification is GNU 11.4.0
[0.144s] -- Detecting C compiler ABI info
[0.193s] -- Detecting C compiler ABI info - done
[0.202s] -- Check for working C compiler: /usr/bin/cc - skipped
[0.202s] -- Detecting C compile features
[0.203s] -- Detecting C compile features - done
[0.207s] -- Detecting CXX compiler ABI info
[0.264s] -- Detecting CXX compiler ABI info - done
[0.270s] -- Check for working CXX compiler: /usr/bin/c++ - skipped
[0.270s] -- Detecting CXX compile features
[0.270s] -- Detecting CXX compile features - done
[0.303s] -- Found ament_cmake: 1.3.10 (/opt/ros/humble/share/ament_cmake/cmake)
[0.448s] -- Found Python3: /usr/bin/python3 (found version "3.10.12") found components: Interpreter 
[0.657s] -- Configuring done
[0.661s] -- Generating done
[0.663s] -- Build files have been written to: /home/host/dev_ws/autobot/src/build/turtlebot3_simulations
[0.667s] Invoked command in '/home/host/dev_ws/autobot/src/build/turtlebot3_simulations' returned '0': AMENT_PREFIX_PATH=/home/host/dev_ws/autobot/src/install/turtlebot3_fake_node:/home/host/dev_ws/autobot/src/install/turtlebot3_msgs:/home/host/dev_ws/autobot/src/install/turtlebot3_gazebo:${AMENT_PREFIX_PATH} CMAKE_PREFIX_PATH=/home/host/dev_ws/autobot/src/install/turtlebot3_fake_node:/home/host/dev_ws/autobot/src/install/turtlebot3_msgs:/home/host/dev_ws/autobot/src/install/turtlebot3_gazebo:/opt/ros/humble LD_LIBRARY_PATH=/home/host/dev_ws/autobot/src/install/turtlebot3_msgs/lib:${LD_LIBRARY_PATH} PYTHONPATH=/home/host/dev_ws/autobot/src/install/turtlebot3_msgs/local/lib/python3.10/dist-packages:${PYTHONPATH} /usr/bin/cmake /home/host/dev_ws/autobot/src/turtlebot3_simulations/turtlebot3_simulations -DCMAKE_INSTALL_PREFIX=/home/host/dev_ws/autobot/src/install/turtlebot3_simulations
[0.669s] Invoking command in '/home/host/dev_ws/autobot/src/build/turtlebot3_simulations': AMENT_PREFIX_PATH=/home/host/dev_ws/autobot/src/install/turtlebot3_fake_node:/home/host/dev_ws/autobot/src/install/turtlebot3_msgs:/home/host/dev_ws/autobot/src/install/turtlebot3_gazebo:${AMENT_PREFIX_PATH} CMAKE_PREFIX_PATH=/home/host/dev_ws/autobot/src/install/turtlebot3_fake_node:/home/host/dev_ws/autobot/src/install/turtlebot3_msgs:/home/host/dev_ws/autobot/src/install/turtlebot3_gazebo:/opt/ros/humble LD_LIBRARY_PATH=/home/host/dev_ws/autobot/src/install/turtlebot3_msgs/lib:${LD_LIBRARY_PATH} PYTHONPATH=/home/host/dev_ws/autobot/src/install/turtlebot3_msgs/local/lib/python3.10/dist-packages:${PYTHONPATH} /usr/bin/cmake --build /home/host/dev_ws/autobot/src/build/turtlebot3_simulations -- -j20 -l20
[0.692s] Invoked command in '/home/host/dev_ws/autobot/src/build/turtlebot3_simulations' returned '0': AMENT_PREFIX_PATH=/home/host/dev_ws/autobot/src/install/turtlebot3_fake_node:/home/host/dev_ws/autobot/src/install/turtlebot3_msgs:/home/host/dev_ws/autobot/src/install/turtlebot3_gazebo:${AMENT_PREFIX_PATH} CMAKE_PREFIX_PATH=/home/host/dev_ws/autobot/src/install/turtlebot3_fake_node:/home/host/dev_ws/autobot/src/install/turtlebot3_msgs:/home/host/dev_ws/autobot/src/install/turtlebot3_gazebo:/opt/ros/humble LD_LIBRARY_PATH=/home/host/dev_ws/autobot/src/install/turtlebot3_msgs/lib:${LD_LIBRARY_PATH} PYTHONPATH=/home/host/dev_ws/autobot/src/install/turtlebot3_msgs/local/lib/python3.10/dist-packages:${PYTHONPATH} /usr/bin/cmake --build /home/host/dev_ws/autobot/src/build/turtlebot3_simulations -- -j20 -l20
[0.693s] Invoking command in '/home/host/dev_ws/autobot/src/build/turtlebot3_simulations': AMENT_PREFIX_PATH=/home/host/dev_ws/autobot/src/install/turtlebot3_fake_node:/home/host/dev_ws/autobot/src/install/turtlebot3_msgs:/home/host/dev_ws/autobot/src/install/turtlebot3_gazebo:${AMENT_PREFIX_PATH} CMAKE_PREFIX_PATH=/home/host/dev_ws/autobot/src/install/turtlebot3_fake_node:/home/host/dev_ws/autobot/src/install/turtlebot3_msgs:/home/host/dev_ws/autobot/src/install/turtlebot3_gazebo:/opt/ros/humble LD_LIBRARY_PATH=/home/host/dev_ws/autobot/src/install/turtlebot3_msgs/lib:${LD_LIBRARY_PATH} PYTHONPATH=/home/host/dev_ws/autobot/src/install/turtlebot3_msgs/local/lib/python3.10/dist-packages:${PYTHONPATH} /usr/bin/cmake --install /home/host/dev_ws/autobot/src/build/turtlebot3_simulations
[0.698s] -- Install configuration: ""
[0.698s] -- Installing: /home/host/dev_ws/autobot/src/install/turtlebot3_simulations/share/ament_index/resource_index/package_run_dependencies/turtlebot3_simulations
[0.698s] -- Installing: /home/host/dev_ws/autobot/src/install/turtlebot3_simulations/share/ament_index/resource_index/parent_prefix_path/turtlebot3_simulations
[0.698s] -- Installing: /home/host/dev_ws/autobot/src/install/turtlebot3_simulations/share/turtlebot3_simulations/environment/ament_prefix_path.sh
[0.698s] -- Installing: /home/host/dev_ws/autobot/src/install/turtlebot3_simulations/share/turtlebot3_simulations/environment/ament_prefix_path.dsv
[0.699s] -- Installing: /home/host/dev_ws/autobot/src/install/turtlebot3_simulations/share/turtlebot3_simulations/environment/path.sh
[0.699s] -- Installing: /home/host/dev_ws/autobot/src/install/turtlebot3_simulations/share/turtlebot3_simulations/environment/path.dsv
[0.699s] -- Installing: /home/host/dev_ws/autobot/src/install/turtlebot3_simulations/share/turtlebot3_simulations/local_setup.bash
[0.699s] -- Installing: /home/host/dev_ws/autobot/src/install/turtlebot3_simulations/share/turtlebot3_simulations/local_setup.sh
[0.699s] -- Installing: /home/host/dev_ws/autobot/src/install/turtlebot3_simulations/share/turtlebot3_simulations/local_setup.zsh
[0.699s] -- Installing: /home/host/dev_ws/autobot/src/install/turtlebot3_simulations/share/turtlebot3_simulations/local_setup.dsv
[0.699s] -- Installing: /home/host/dev_ws/autobot/src/install/turtlebot3_simulations/share/turtlebot3_simulations/package.dsv
[0.699s] -- Installing: /home/host/dev_ws/autobot/src/install/turtlebot3_simulations/share/ament_index/resource_index/packages/turtlebot3_simulations
[0.699s] -- Installing: /home/host/dev_ws/autobot/src/install/turtlebot3_simulations/share/turtlebot3_simulations/cmake/turtlebot3_simulationsConfig.cmake
[0.699s] -- Installing: /home/host/dev_ws/autobot/src/install/turtlebot3_simulations/share/turtlebot3_simulations/cmake/turtlebot3_simulationsConfig-version.cmake
[0.699s] -- Installing: /home/host/dev_ws/autobot/src/install/turtlebot3_simulations/share/turtlebot3_simulations/package.xml
[0.701s] Invoked command in '/home/host/dev_ws/autobot/src/build/turtlebot3_simulations' returned '0': AMENT_PREFIX_PATH=/home/host/dev_ws/autobot/src/install/turtlebot3_fake_node:/home/host/dev_ws/autobot/src/install/turtlebot3_msgs:/home/host/dev_ws/autobot/src/install/turtlebot3_gazebo:${AMENT_PREFIX_PATH} CMAKE_PREFIX_PATH=/home/host/dev_ws/autobot/src/install/turtlebot3_fake_node:/home/host/dev_ws/autobot/src/install/turtlebot3_msgs:/home/host/dev_ws/autobot/src/install/turtlebot3_gazebo:/opt/ros/humble LD_LIBRARY_PATH=/home/host/dev_ws/autobot/src/install/turtlebot3_msgs/lib:${LD_LIBRARY_PATH} PYTHONPATH=/home/host/dev_ws/autobot/src/install/turtlebot3_msgs/local/lib/python3.10/dist-packages:${PYTHONPATH} /usr/bin/cmake --install /home/host/dev_ws/autobot/src/build/turtlebot3_simulations
