[0.031s] Invoking command in '/home/host/dev_ws/autobot/src/build/turtlebot3_msgs': CMAKE_PREFIX_PATH=/opt/ros/humble /usr/bin/cmake /home/host/dev_ws/autobot/src/turtlebot3_msgs -DCMAKE_INSTALL_PREFIX=/home/host/dev_ws/autobot/src/install/turtlebot3_msgs
[0.359s] -- The C compiler identification is GNU 11.4.0
[0.360s] -- The CXX compiler identification is GNU 11.4.0
[0.361s] -- Detecting C compiler ABI info
[0.361s] -- Detecting C compiler ABI info - done
[0.361s] -- Check for working C compiler: /usr/bin/cc - skipped
[0.362s] -- Detecting C compile features
[0.362s] -- Detecting C compile features - done
[0.362s] -- Detecting CXX compiler ABI info
[0.363s] -- Detecting CXX compiler ABI info - done
[0.363s] -- Check for working CXX compiler: /usr/bin/c++ - skipped
[0.364s] -- Detecting CXX compile features
[0.364s] -- Detecting CXX compile features - done
[0.364s] -- Found action_msgs: 1.2.1 (/opt/ros/humble/share/action_msgs/cmake)
[0.379s] -- Found Python3: /usr/bin/python3 (found version "3.10.12") found components: Interpreter 
[0.560s] -- Found rosidl_generator_c: 3.1.5 (/opt/ros/humble/share/rosidl_generator_c/cmake)
[0.572s] -- Found rosidl_adapter: 3.1.5 (/opt/ros/humble/share/rosidl_adapter/cmake)
[0.587s] -- Found rosidl_generator_cpp: 3.1.5 (/opt/ros/humble/share/rosidl_generator_cpp/cmake)
[0.611s] -- Using all available rosidl_typesupport_c: rosidl_typesupport_fastrtps_c;rosidl_typesupport_introspection_c
[0.632s] -- Using all available rosidl_typesupport_cpp: rosidl_typesupport_fastrtps_cpp;rosidl_typesupport_introspection_cpp
[0.678s] -- Found rosidl_default_generators: 1.2.0 (/opt/ros/humble/share/rosidl_default_generators/cmake)
[0.689s] -- Found std_msgs: 4.2.4 (/opt/ros/humble/share/std_msgs/cmake)
[0.907s] -- Found ament_cmake_cppcheck: 0.12.11 (/opt/ros/humble/share/ament_cmake_cppcheck/cmake)
[0.912s] -- Found ament_cmake_cpplint: 0.12.11 (/opt/ros/humble/share/ament_cmake_cpplint/cmake)
[0.916s] -- Found ament_cmake_uncrustify: 0.12.11 (/opt/ros/humble/share/ament_cmake_uncrustify/cmake)
[0.921s] -- Found ament_cmake_ros: 0.10.0 (/opt/ros/humble/share/ament_cmake_ros/cmake)
[1.169s] -- Using all available rosidl_typesupport_c: rosidl_typesupport_fastrtps_c;rosidl_typesupport_introspection_c
[1.262s] -- Using all available rosidl_typesupport_cpp: rosidl_typesupport_fastrtps_cpp;rosidl_typesupport_introspection_cpp
[1.279s] -- Found PythonInterp: /usr/bin/python3 (found suitable version "3.10.12", minimum required is "3.6") 
[1.285s] -- Found python_cmake_module: 0.10.0 (/opt/ros/humble/share/python_cmake_module/cmake)
[1.304s] -- Found PythonLibs: /usr/lib/x86_64-linux-gnu/libpython3.10.so (found suitable version "3.10.12", minimum required is "3.5") 
[1.304s] -- Using PYTHON_EXECUTABLE: /usr/bin/python3
[1.304s] -- Using PYTHON_INCLUDE_DIRS: /usr/include/python3.10
[1.304s] -- Using PYTHON_LIBRARIES: /usr/lib/x86_64-linux-gnu/libpython3.10.so
[1.318s] -- Found PythonExtra: .so  
[1.367s] -- Found ament_cmake_flake8: 0.12.11 (/opt/ros/humble/share/ament_cmake_flake8/cmake)
[1.373s] -- Found ament_cmake_pep257: 0.12.11 (/opt/ros/humble/share/ament_cmake_pep257/cmake)
[1.382s] -- Configuring done
[1.428s] -- Generating done
[1.442s] -- Build files have been written to: /home/host/dev_ws/autobot/src/build/turtlebot3_msgs
[1.450s] Invoked command in '/home/host/dev_ws/autobot/src/build/turtlebot3_msgs' returned '0': CMAKE_PREFIX_PATH=/opt/ros/humble /usr/bin/cmake /home/host/dev_ws/autobot/src/turtlebot3_msgs -DCMAKE_INSTALL_PREFIX=/home/host/dev_ws/autobot/src/install/turtlebot3_msgs
[1.450s] Invoking command in '/home/host/dev_ws/autobot/src/build/turtlebot3_msgs': CMAKE_PREFIX_PATH=/opt/ros/humble /usr/bin/cmake --build /home/host/dev_ws/autobot/src/build/turtlebot3_msgs -- -j20 -l20
[1.473s] [  1%] [34m[1mGenerating C code for ROS interfaces[0m
[1.479s] [  2%] [34m[1mGenerating C++ code for ROS interfaces[0m
[1.483s] [  2%] Built target ament_cmake_python_copy_turtlebot3_msgs
[1.644s] running egg_info
[1.644s] creating turtlebot3_msgs.egg-info
[1.644s] writing turtlebot3_msgs.egg-info/PKG-INFO
[1.644s] writing dependency_links to turtlebot3_msgs.egg-info/dependency_links.txt
[1.644s] writing top-level names to turtlebot3_msgs.egg-info/top_level.txt
[1.645s] writing manifest file 'turtlebot3_msgs.egg-info/SOURCES.txt'
[1.646s] reading manifest file 'turtlebot3_msgs.egg-info/SOURCES.txt'
[1.646s] writing manifest file 'turtlebot3_msgs.egg-info/SOURCES.txt'
[1.665s] [  2%] Built target ament_cmake_python_build_turtlebot3_msgs_egg
[2.139s] [  4%] [32mBuilding C object CMakeFiles/turtlebot3_msgs__rosidl_generator_c.dir/rosidl_generator_c/turtlebot3_msgs/msg/detail/sensor_state__functions.c.o[0m
[2.139s] [  5%] [32mBuilding C object CMakeFiles/turtlebot3_msgs__rosidl_generator_c.dir/rosidl_generator_c/turtlebot3_msgs/srv/detail/dqn__functions.c.o[0m
[2.140s] [  7%] [32mBuilding C object CMakeFiles/turtlebot3_msgs__rosidl_generator_c.dir/rosidl_generator_c/turtlebot3_msgs/msg/detail/sound__functions.c.o[0m
[2.141s] [  8%] [32mBuilding C object CMakeFiles/turtlebot3_msgs__rosidl_generator_c.dir/rosidl_generator_c/turtlebot3_msgs/msg/detail/version_info__functions.c.o[0m
[2.141s] [  9%] [32mBuilding C object CMakeFiles/turtlebot3_msgs__rosidl_generator_c.dir/rosidl_generator_c/turtlebot3_msgs/action/detail/patrol__functions.c.o[0m
[2.142s] [ 11%] [32mBuilding C object CMakeFiles/turtlebot3_msgs__rosidl_generator_c.dir/rosidl_generator_c/turtlebot3_msgs/srv/detail/sound__functions.c.o[0m
[2.277s] [ 12%] [32m[1mLinking C shared library libturtlebot3_msgs__rosidl_generator_c.so[0m
[2.303s] [ 12%] Built target turtlebot3_msgs__cpp
[2.311s] [ 14%] [34m[1mGenerating C++ type support dispatch for ROS interfaces[0m
[2.314s] [ 15%] [34m[1mGenerating C++ type support for eProsima Fast-RTPS[0m
[2.315s] [ 16%] [34m[1mGenerating C++ introspection for ROS interfaces[0m
[2.319s] [ 16%] Built target turtlebot3_msgs__rosidl_generator_c
[2.329s] [ 18%] [34m[1mGenerating C type support dispatch for ROS interfaces[0m
[2.330s] [ 19%] [34m[1mGenerating C introspection for ROS interfaces[0m
[2.337s] [ 21%] [34m[1mGenerating C type support for eProsima Fast-RTPS[0m
[3.375s] [ 23%] [32mBuilding CXX object CMakeFiles/turtlebot3_msgs__rosidl_typesupport_cpp.dir/rosidl_typesupport_cpp/turtlebot3_msgs/msg/sensor_state__type_support.cpp.o[0m
[3.375s] [ 23%] [32mBuilding CXX object CMakeFiles/turtlebot3_msgs__rosidl_typesupport_cpp.dir/rosidl_typesupport_cpp/turtlebot3_msgs/msg/sound__type_support.cpp.o[0m
[3.383s] [ 25%] [32mBuilding CXX object CMakeFiles/turtlebot3_msgs__rosidl_typesupport_cpp.dir/rosidl_typesupport_cpp/turtlebot3_msgs/srv/sound__type_support.cpp.o[0m
[3.394s] [ 26%] [32mBuilding CXX object CMakeFiles/turtlebot3_msgs__rosidl_typesupport_cpp.dir/rosidl_typesupport_cpp/turtlebot3_msgs/srv/dqn__type_support.cpp.o[0m
[3.405s] [ 28%] [32mBuilding CXX object CMakeFiles/turtlebot3_msgs__rosidl_typesupport_cpp.dir/rosidl_typesupport_cpp/turtlebot3_msgs/msg/version_info__type_support.cpp.o[0m
[3.411s] [ 29%] [32mBuilding CXX object CMakeFiles/turtlebot3_msgs__rosidl_typesupport_cpp.dir/rosidl_typesupport_cpp/turtlebot3_msgs/action/patrol__type_support.cpp.o[0m
[3.506s] [ 30%] [32mBuilding CXX object CMakeFiles/turtlebot3_msgs__rosidl_typesupport_introspection_cpp.dir/rosidl_typesupport_introspection_cpp/turtlebot3_msgs/msg/detail/sensor_state__type_support.cpp.o[0m
[3.514s] [ 32%] [32mBuilding CXX object CMakeFiles/turtlebot3_msgs__rosidl_typesupport_introspection_cpp.dir/rosidl_typesupport_introspection_cpp/turtlebot3_msgs/msg/detail/sound__type_support.cpp.o[0m
[3.521s] [ 33%] [32mBuilding CXX object CMakeFiles/turtlebot3_msgs__rosidl_typesupport_introspection_cpp.dir/rosidl_typesupport_introspection_cpp/turtlebot3_msgs/srv/detail/sound__type_support.cpp.o[0m
[3.525s] [ 35%] [32mBuilding CXX object CMakeFiles/turtlebot3_msgs__rosidl_typesupport_introspection_cpp.dir/rosidl_typesupport_introspection_cpp/turtlebot3_msgs/msg/detail/version_info__type_support.cpp.o[0m
[3.535s] [ 36%] [32mBuilding CXX object CMakeFiles/turtlebot3_msgs__rosidl_typesupport_c.dir/rosidl_typesupport_c/turtlebot3_msgs/msg/sensor_state__type_support.cpp.o[0m
[3.540s] [ 38%] [32mBuilding CXX object CMakeFiles/turtlebot3_msgs__rosidl_typesupport_c.dir/rosidl_typesupport_c/turtlebot3_msgs/msg/sound__type_support.cpp.o[0m
[3.553s] [ 39%] [32mBuilding CXX object CMakeFiles/turtlebot3_msgs__rosidl_typesupport_c.dir/rosidl_typesupport_c/turtlebot3_msgs/msg/version_info__type_support.cpp.o[0m
[3.558s] [ 40%] [32mBuilding CXX object CMakeFiles/turtlebot3_msgs__rosidl_typesupport_introspection_cpp.dir/rosidl_typesupport_introspection_cpp/turtlebot3_msgs/srv/detail/dqn__type_support.cpp.o[0m
[3.585s] [ 42%] [32mBuilding CXX object CMakeFiles/turtlebot3_msgs__rosidl_typesupport_c.dir/rosidl_typesupport_c/turtlebot3_msgs/srv/sound__type_support.cpp.o[0m
[3.617s] [ 43%] [32mBuilding CXX object CMakeFiles/turtlebot3_msgs__rosidl_typesupport_fastrtps_cpp.dir/rosidl_typesupport_fastrtps_cpp/turtlebot3_msgs/msg/detail/dds_fastrtps/sensor_state__type_support.cpp.o[0m
[3.621s] [ 45%] [32mBuilding CXX object CMakeFiles/turtlebot3_msgs__rosidl_typesupport_fastrtps_cpp.dir/rosidl_typesupport_fastrtps_cpp/turtlebot3_msgs/msg/detail/dds_fastrtps/sound__type_support.cpp.o[0m
[3.644s] [ 46%] [32mBuilding CXX object CMakeFiles/turtlebot3_msgs__rosidl_typesupport_fastrtps_cpp.dir/rosidl_typesupport_fastrtps_cpp/turtlebot3_msgs/msg/detail/dds_fastrtps/version_info__type_support.cpp.o[0m
[3.675s] [ 47%] [32mBuilding CXX object CMakeFiles/turtlebot3_msgs__rosidl_typesupport_fastrtps_cpp.dir/rosidl_typesupport_fastrtps_cpp/turtlebot3_msgs/srv/detail/dds_fastrtps/sound__type_support.cpp.o[0m
[3.690s] [ 49%] [32mBuilding CXX object CMakeFiles/turtlebot3_msgs__rosidl_typesupport_c.dir/rosidl_typesupport_c/turtlebot3_msgs/srv/dqn__type_support.cpp.o[0m
[3.698s] [ 50%] [32mBuilding CXX object CMakeFiles/turtlebot3_msgs__rosidl_typesupport_c.dir/rosidl_typesupport_c/turtlebot3_msgs/action/patrol__type_support.cpp.o[0m
[3.720s] [ 52%] [32mBuilding CXX object CMakeFiles/turtlebot3_msgs__rosidl_typesupport_introspection_cpp.dir/rosidl_typesupport_introspection_cpp/turtlebot3_msgs/action/detail/patrol__type_support.cpp.o[0m
[3.757s] [ 53%] [32mBuilding CXX object CMakeFiles/turtlebot3_msgs__rosidl_typesupport_fastrtps_c.dir/rosidl_typesupport_fastrtps_c/turtlebot3_msgs/msg/detail/sensor_state__type_support_c.cpp.o[0m
[3.769s] [ 54%] [32mBuilding CXX object CMakeFiles/turtlebot3_msgs__rosidl_typesupport_fastrtps_c.dir/rosidl_typesupport_fastrtps_c/turtlebot3_msgs/msg/detail/sound__type_support_c.cpp.o[0m
[3.779s] [ 56%] [32mBuilding CXX object CMakeFiles/turtlebot3_msgs__rosidl_typesupport_fastrtps_cpp.dir/rosidl_typesupport_fastrtps_cpp/turtlebot3_msgs/srv/detail/dds_fastrtps/dqn__type_support.cpp.o[0m
[3.824s] [ 57%] [32m[1mLinking CXX shared library libturtlebot3_msgs__rosidl_typesupport_c.so[0m
[3.956s] [ 57%] Built target turtlebot3_msgs__rosidl_typesupport_c
[4.024s] [ 59%] [32mBuilding CXX object CMakeFiles/turtlebot3_msgs__rosidl_typesupport_fastrtps_cpp.dir/rosidl_typesupport_fastrtps_cpp/turtlebot3_msgs/action/detail/dds_fastrtps/patrol__type_support.cpp.o[0m
[4.034s] [ 60%] [32mBuilding CXX object CMakeFiles/turtlebot3_msgs__rosidl_typesupport_fastrtps_c.dir/rosidl_typesupport_fastrtps_c/turtlebot3_msgs/msg/detail/version_info__type_support_c.cpp.o[0m
[4.044s] [ 61%] [32mBuilding CXX object CMakeFiles/turtlebot3_msgs__rosidl_typesupport_fastrtps_c.dir/rosidl_typesupport_fastrtps_c/turtlebot3_msgs/srv/detail/sound__type_support_c.cpp.o[0m
[4.103s] [ 63%] [32mBuilding CXX object CMakeFiles/turtlebot3_msgs__rosidl_typesupport_fastrtps_c.dir/rosidl_typesupport_fastrtps_c/turtlebot3_msgs/srv/detail/dqn__type_support_c.cpp.o[0m
[4.116s] [ 64%] [32mBuilding C object CMakeFiles/turtlebot3_msgs__rosidl_typesupport_introspection_c.dir/rosidl_typesupport_introspection_c/turtlebot3_msgs/msg/detail/sensor_state__type_support.c.o[0m
[4.228s] [ 66%] [32mBuilding C object CMakeFiles/turtlebot3_msgs__rosidl_typesupport_introspection_c.dir/rosidl_typesupport_introspection_c/turtlebot3_msgs/msg/detail/sound__type_support.c.o[0m
[4.240s] [ 67%] [32mBuilding C object CMakeFiles/turtlebot3_msgs__rosidl_typesupport_introspection_c.dir/rosidl_typesupport_introspection_c/turtlebot3_msgs/srv/detail/sound__type_support.c.o[0m
[4.251s] [ 69%] [32mBuilding C object CMakeFiles/turtlebot3_msgs__rosidl_typesupport_introspection_c.dir/rosidl_typesupport_introspection_c/turtlebot3_msgs/msg/detail/version_info__type_support.c.o[0m
[4.262s] [ 70%] [32mBuilding CXX object CMakeFiles/turtlebot3_msgs__rosidl_typesupport_fastrtps_c.dir/rosidl_typesupport_fastrtps_c/turtlebot3_msgs/action/detail/patrol__type_support_c.cpp.o[0m
[4.300s] [ 71%] [32mBuilding C object CMakeFiles/turtlebot3_msgs__rosidl_typesupport_introspection_c.dir/rosidl_typesupport_introspection_c/turtlebot3_msgs/srv/detail/dqn__type_support.c.o[0m
[4.327s] [ 73%] [32mBuilding C object CMakeFiles/turtlebot3_msgs__rosidl_typesupport_introspection_c.dir/rosidl_typesupport_introspection_c/turtlebot3_msgs/action/detail/patrol__type_support.c.o[0m
[4.474s] [ 74%] [32m[1mLinking C shared library libturtlebot3_msgs__rosidl_typesupport_introspection_c.so[0m
[4.524s] [ 76%] [32m[1mLinking CXX shared library libturtlebot3_msgs__rosidl_typesupport_cpp.so[0m
[4.570s] [ 76%] Built target turtlebot3_msgs__rosidl_typesupport_introspection_c
[4.578s] [ 76%] Built target turtlebot3_msgs__rosidl_typesupport_cpp
[4.597s] [ 77%] [32m[1mLinking CXX shared library libturtlebot3_msgs__rosidl_typesupport_introspection_cpp.so[0m
[4.705s] [ 77%] Built target turtlebot3_msgs__rosidl_typesupport_introspection_cpp
[4.715s] [ 78%] [32m[1mLinking CXX shared library libturtlebot3_msgs__rosidl_typesupport_fastrtps_cpp.so[0m
[4.736s] [ 80%] [32m[1mLinking CXX shared library libturtlebot3_msgs__rosidl_typesupport_fastrtps_c.so[0m
[4.785s] [ 80%] Built target turtlebot3_msgs__rosidl_typesupport_fastrtps_cpp
[4.836s] [ 80%] Built target turtlebot3_msgs__rosidl_typesupport_fastrtps_c
[4.852s] [ 80%] Built target turtlebot3_msgs
[4.869s] [ 81%] [34m[1mGenerating Python code for ROS interfaces[0m
[6.275s] [ 81%] Built target turtlebot3_msgs__py
[6.289s] [ 84%] [32mBuilding C object CMakeFiles/turtlebot3_msgs__rosidl_generator_py.dir/rosidl_generator_py/turtlebot3_msgs/msg/_sound_s.c.o[0m
[6.290s] [ 84%] [32mBuilding C object CMakeFiles/turtlebot3_msgs__rosidl_generator_py.dir/rosidl_generator_py/turtlebot3_msgs/msg/_sensor_state_s.c.o[0m
[6.291s] [ 87%] [32mBuilding C object CMakeFiles/turtlebot3_msgs__rosidl_generator_py.dir/rosidl_generator_py/turtlebot3_msgs/msg/_version_info_s.c.o[0m
[6.291s] [ 87%] [32mBuilding C object CMakeFiles/turtlebot3_msgs__rosidl_generator_py.dir/rosidl_generator_py/turtlebot3_msgs/srv/_sound_s.c.o[0m
[6.293s] [ 90%] [32mBuilding C object CMakeFiles/turtlebot3_msgs__rosidl_generator_py.dir/rosidl_generator_py/turtlebot3_msgs/action/_patrol_s.c.o[0m
[6.293s] [ 90%] [32mBuilding C object CMakeFiles/turtlebot3_msgs__rosidl_generator_py.dir/rosidl_generator_py/turtlebot3_msgs/srv/_dqn_s.c.o[0m
[6.472s] [ 91%] [32m[1mLinking C shared library rosidl_generator_py/turtlebot3_msgs/libturtlebot3_msgs__rosidl_generator_py.so[0m
[6.505s] [ 91%] Built target turtlebot3_msgs__rosidl_generator_py
[6.518s] [ 95%] [32mBuilding C object CMakeFiles/turtlebot3_msgs__rosidl_typesupport_c__pyext.dir/rosidl_generator_py/turtlebot3_msgs/_turtlebot3_msgs_s.ep.rosidl_typesupport_c.c.o[0m
[6.519s] [ 95%] [32mBuilding C object CMakeFiles/turtlebot3_msgs__rosidl_typesupport_introspection_c__pyext.dir/rosidl_generator_py/turtlebot3_msgs/_turtlebot3_msgs_s.ep.rosidl_typesupport_introspection_c.c.o[0m
[6.519s] [ 95%] [32mBuilding C object CMakeFiles/turtlebot3_msgs__rosidl_typesupport_fastrtps_c__pyext.dir/rosidl_generator_py/turtlebot3_msgs/_turtlebot3_msgs_s.ep.rosidl_typesupport_fastrtps_c.c.o[0m
[6.641s] [ 97%] [32m[1mLinking C shared library rosidl_generator_py/turtlebot3_msgs/turtlebot3_msgs_s__rosidl_typesupport_introspection_c.cpython-310-x86_64-linux-gnu.so[0m
[6.651s] [ 98%] [32m[1mLinking C shared library rosidl_generator_py/turtlebot3_msgs/turtlebot3_msgs_s__rosidl_typesupport_c.cpython-310-x86_64-linux-gnu.so[0m
[6.656s] [100%] [32m[1mLinking C shared library rosidl_generator_py/turtlebot3_msgs/turtlebot3_msgs_s__rosidl_typesupport_fastrtps_c.cpython-310-x86_64-linux-gnu.so[0m
[6.688s] [100%] Built target turtlebot3_msgs__rosidl_typesupport_c__pyext
[6.691s] [100%] Built target turtlebot3_msgs__rosidl_typesupport_introspection_c__pyext
[6.700s] [100%] Built target turtlebot3_msgs__rosidl_typesupport_fastrtps_c__pyext
[6.711s] Invoked command in '/home/host/dev_ws/autobot/src/build/turtlebot3_msgs' returned '0': CMAKE_PREFIX_PATH=/opt/ros/humble /usr/bin/cmake --build /home/host/dev_ws/autobot/src/build/turtlebot3_msgs -- -j20 -l20
[6.712s] Invoking command in '/home/host/dev_ws/autobot/src/build/turtlebot3_msgs': CMAKE_PREFIX_PATH=/opt/ros/humble /usr/bin/cmake --install /home/host/dev_ws/autobot/src/build/turtlebot3_msgs
[6.719s] -- Install configuration: ""
[6.719s] -- Installing: /home/host/dev_ws/autobot/src/install/turtlebot3_msgs/share/ament_index/resource_index/rosidl_interfaces/turtlebot3_msgs
[6.719s] -- Installing: /home/host/dev_ws/autobot/src/install/turtlebot3_msgs/include/turtlebot3_msgs/turtlebot3_msgs
[6.719s] -- Installing: /home/host/dev_ws/autobot/src/install/turtlebot3_msgs/include/turtlebot3_msgs/turtlebot3_msgs/action
[6.719s] -- Installing: /home/host/dev_ws/autobot/src/install/turtlebot3_msgs/include/turtlebot3_msgs/turtlebot3_msgs/action/patrol.h
[6.719s] -- Installing: /home/host/dev_ws/autobot/src/install/turtlebot3_msgs/include/turtlebot3_msgs/turtlebot3_msgs/action/detail
[6.719s] -- Installing: /home/host/dev_ws/autobot/src/install/turtlebot3_msgs/include/turtlebot3_msgs/turtlebot3_msgs/action/detail/patrol__struct.h
[6.719s] -- Installing: /home/host/dev_ws/autobot/src/install/turtlebot3_msgs/include/turtlebot3_msgs/turtlebot3_msgs/action/detail/patrol__functions.h
[6.719s] -- Installing: /home/host/dev_ws/autobot/src/install/turtlebot3_msgs/include/turtlebot3_msgs/turtlebot3_msgs/action/detail/patrol__functions.c
[6.720s] -- Installing: /home/host/dev_ws/autobot/src/install/turtlebot3_msgs/include/turtlebot3_msgs/turtlebot3_msgs/action/detail/patrol__type_support.h
[6.720s] -- Installing: /home/host/dev_ws/autobot/src/install/turtlebot3_msgs/include/turtlebot3_msgs/turtlebot3_msgs/msg
[6.720s] -- Installing: /home/host/dev_ws/autobot/src/install/turtlebot3_msgs/include/turtlebot3_msgs/turtlebot3_msgs/msg/sound.h
[6.720s] -- Installing: /home/host/dev_ws/autobot/src/install/turtlebot3_msgs/include/turtlebot3_msgs/turtlebot3_msgs/msg/rosidl_generator_c__visibility_control.h
[6.720s] -- Installing: /home/host/dev_ws/autobot/src/install/turtlebot3_msgs/include/turtlebot3_msgs/turtlebot3_msgs/msg/detail
[6.720s] -- Installing: /home/host/dev_ws/autobot/src/install/turtlebot3_msgs/include/turtlebot3_msgs/turtlebot3_msgs/msg/detail/sound__type_support.h
[6.720s] -- Installing: /home/host/dev_ws/autobot/src/install/turtlebot3_msgs/include/turtlebot3_msgs/turtlebot3_msgs/msg/detail/sensor_state__functions.c
[6.720s] -- Installing: /home/host/dev_ws/autobot/src/install/turtlebot3_msgs/include/turtlebot3_msgs/turtlebot3_msgs/msg/detail/version_info__functions.c
[6.720s] -- Installing: /home/host/dev_ws/autobot/src/install/turtlebot3_msgs/include/turtlebot3_msgs/turtlebot3_msgs/msg/detail/sensor_state__functions.h
[6.720s] -- Installing: /home/host/dev_ws/autobot/src/install/turtlebot3_msgs/include/turtlebot3_msgs/turtlebot3_msgs/msg/detail/sensor_state__struct.h
[6.721s] -- Installing: /home/host/dev_ws/autobot/src/install/turtlebot3_msgs/include/turtlebot3_msgs/turtlebot3_msgs/msg/detail/sound__struct.h
[6.721s] -- Installing: /home/host/dev_ws/autobot/src/install/turtlebot3_msgs/include/turtlebot3_msgs/turtlebot3_msgs/msg/detail/sensor_state__type_support.h
[6.721s] -- Installing: /home/host/dev_ws/autobot/src/install/turtlebot3_msgs/include/turtlebot3_msgs/turtlebot3_msgs/msg/detail/version_info__functions.h
[6.721s] -- Installing: /home/host/dev_ws/autobot/src/install/turtlebot3_msgs/include/turtlebot3_msgs/turtlebot3_msgs/msg/detail/sound__functions.c
[6.721s] -- Installing: /home/host/dev_ws/autobot/src/install/turtlebot3_msgs/include/turtlebot3_msgs/turtlebot3_msgs/msg/detail/sound__functions.h
[6.721s] -- Installing: /home/host/dev_ws/autobot/src/install/turtlebot3_msgs/include/turtlebot3_msgs/turtlebot3_msgs/msg/detail/version_info__struct.h
[6.721s] -- Installing: /home/host/dev_ws/autobot/src/install/turtlebot3_msgs/include/turtlebot3_msgs/turtlebot3_msgs/msg/detail/version_info__type_support.h
[6.721s] -- Installing: /home/host/dev_ws/autobot/src/install/turtlebot3_msgs/include/turtlebot3_msgs/turtlebot3_msgs/msg/version_info.h
[6.721s] -- Installing: /home/host/dev_ws/autobot/src/install/turtlebot3_msgs/include/turtlebot3_msgs/turtlebot3_msgs/msg/sensor_state.h
[6.721s] -- Installing: /home/host/dev_ws/autobot/src/install/turtlebot3_msgs/include/turtlebot3_msgs/turtlebot3_msgs/srv
[6.722s] -- Installing: /home/host/dev_ws/autobot/src/install/turtlebot3_msgs/include/turtlebot3_msgs/turtlebot3_msgs/srv/sound.h
[6.722s] -- Installing: /home/host/dev_ws/autobot/src/install/turtlebot3_msgs/include/turtlebot3_msgs/turtlebot3_msgs/srv/detail
[6.722s] -- Installing: /home/host/dev_ws/autobot/src/install/turtlebot3_msgs/include/turtlebot3_msgs/turtlebot3_msgs/srv/detail/sound__type_support.h
[6.722s] -- Installing: /home/host/dev_ws/autobot/src/install/turtlebot3_msgs/include/turtlebot3_msgs/turtlebot3_msgs/srv/detail/dqn__struct.h
[6.722s] -- Installing: /home/host/dev_ws/autobot/src/install/turtlebot3_msgs/include/turtlebot3_msgs/turtlebot3_msgs/srv/detail/dqn__functions.c
[6.724s] -- Installing: /home/host/dev_ws/autobot/src/install/turtlebot3_msgs/include/turtlebot3_msgs/turtlebot3_msgs/srv/detail/sound__struct.h
[6.724s] -- Installing: /home/host/dev_ws/autobot/src/install/turtlebot3_msgs/include/turtlebot3_msgs/turtlebot3_msgs/srv/detail/dqn__functions.h
[6.724s] -- Installing: /home/host/dev_ws/autobot/src/install/turtlebot3_msgs/include/turtlebot3_msgs/turtlebot3_msgs/srv/detail/dqn__type_support.h
[6.724s] -- Installing: /home/host/dev_ws/autobot/src/install/turtlebot3_msgs/include/turtlebot3_msgs/turtlebot3_msgs/srv/detail/sound__functions.c
[6.724s] -- Installing: /home/host/dev_ws/autobot/src/install/turtlebot3_msgs/include/turtlebot3_msgs/turtlebot3_msgs/srv/detail/sound__functions.h
[6.724s] -- Installing: /home/host/dev_ws/autobot/src/install/turtlebot3_msgs/include/turtlebot3_msgs/turtlebot3_msgs/srv/dqn.h
[6.725s] -- Installing: /home/host/dev_ws/autobot/src/install/turtlebot3_msgs/share/turtlebot3_msgs/environment/library_path.sh
[6.725s] -- Installing: /home/host/dev_ws/autobot/src/install/turtlebot3_msgs/share/turtlebot3_msgs/environment/library_path.dsv
[6.725s] -- Installing: /home/host/dev_ws/autobot/src/install/turtlebot3_msgs/lib/libturtlebot3_msgs__rosidl_generator_c.so
[6.725s] -- Set runtime path of "/home/host/dev_ws/autobot/src/install/turtlebot3_msgs/lib/libturtlebot3_msgs__rosidl_generator_c.so" to ""
[6.725s] -- Up-to-date: /home/host/dev_ws/autobot/src/install/turtlebot3_msgs/include/turtlebot3_msgs/turtlebot3_msgs
[6.725s] -- Up-to-date: /home/host/dev_ws/autobot/src/install/turtlebot3_msgs/include/turtlebot3_msgs/turtlebot3_msgs/action
[6.725s] -- Up-to-date: /home/host/dev_ws/autobot/src/install/turtlebot3_msgs/include/turtlebot3_msgs/turtlebot3_msgs/action/detail
[6.725s] -- Installing: /home/host/dev_ws/autobot/src/install/turtlebot3_msgs/include/turtlebot3_msgs/turtlebot3_msgs/action/detail/patrol__rosidl_typesupport_fastrtps_c.h
[6.725s] -- Up-to-date: /home/host/dev_ws/autobot/src/install/turtlebot3_msgs/include/turtlebot3_msgs/turtlebot3_msgs/msg
[6.725s] -- Up-to-date: /home/host/dev_ws/autobot/src/install/turtlebot3_msgs/include/turtlebot3_msgs/turtlebot3_msgs/msg/detail
[6.726s] -- Installing: /home/host/dev_ws/autobot/src/install/turtlebot3_msgs/include/turtlebot3_msgs/turtlebot3_msgs/msg/detail/version_info__rosidl_typesupport_fastrtps_c.h
[6.726s] -- Installing: /home/host/dev_ws/autobot/src/install/turtlebot3_msgs/include/turtlebot3_msgs/turtlebot3_msgs/msg/detail/sensor_state__rosidl_typesupport_fastrtps_c.h
[6.726s] -- Installing: /home/host/dev_ws/autobot/src/install/turtlebot3_msgs/include/turtlebot3_msgs/turtlebot3_msgs/msg/detail/sound__rosidl_typesupport_fastrtps_c.h
[6.726s] -- Installing: /home/host/dev_ws/autobot/src/install/turtlebot3_msgs/include/turtlebot3_msgs/turtlebot3_msgs/msg/rosidl_typesupport_fastrtps_c__visibility_control.h
[6.726s] -- Up-to-date: /home/host/dev_ws/autobot/src/install/turtlebot3_msgs/include/turtlebot3_msgs/turtlebot3_msgs/srv
[6.726s] -- Up-to-date: /home/host/dev_ws/autobot/src/install/turtlebot3_msgs/include/turtlebot3_msgs/turtlebot3_msgs/srv/detail
[6.726s] -- Installing: /home/host/dev_ws/autobot/src/install/turtlebot3_msgs/include/turtlebot3_msgs/turtlebot3_msgs/srv/detail/dqn__rosidl_typesupport_fastrtps_c.h
[6.726s] -- Installing: /home/host/dev_ws/autobot/src/install/turtlebot3_msgs/include/turtlebot3_msgs/turtlebot3_msgs/srv/detail/sound__rosidl_typesupport_fastrtps_c.h
[6.727s] -- Installing: /home/host/dev_ws/autobot/src/install/turtlebot3_msgs/lib/libturtlebot3_msgs__rosidl_typesupport_fastrtps_c.so
[6.727s] -- Set runtime path of "/home/host/dev_ws/autobot/src/install/turtlebot3_msgs/lib/libturtlebot3_msgs__rosidl_typesupport_fastrtps_c.so" to ""
[6.727s] -- Up-to-date: /home/host/dev_ws/autobot/src/install/turtlebot3_msgs/include/turtlebot3_msgs/turtlebot3_msgs
[6.727s] -- Up-to-date: /home/host/dev_ws/autobot/src/install/turtlebot3_msgs/include/turtlebot3_msgs/turtlebot3_msgs/action
[6.727s] -- Installing: /home/host/dev_ws/autobot/src/install/turtlebot3_msgs/include/turtlebot3_msgs/turtlebot3_msgs/action/patrol.hpp
[6.727s] -- Up-to-date: /home/host/dev_ws/autobot/src/install/turtlebot3_msgs/include/turtlebot3_msgs/turtlebot3_msgs/action/detail
[6.727s] -- Installing: /home/host/dev_ws/autobot/src/install/turtlebot3_msgs/include/turtlebot3_msgs/turtlebot3_msgs/action/detail/patrol__struct.hpp
[6.727s] -- Installing: /home/host/dev_ws/autobot/src/install/turtlebot3_msgs/include/turtlebot3_msgs/turtlebot3_msgs/action/detail/patrol__traits.hpp
[6.728s] -- Installing: /home/host/dev_ws/autobot/src/install/turtlebot3_msgs/include/turtlebot3_msgs/turtlebot3_msgs/action/detail/patrol__builder.hpp
[6.728s] -- Up-to-date: /home/host/dev_ws/autobot/src/install/turtlebot3_msgs/include/turtlebot3_msgs/turtlebot3_msgs/msg
[6.728s] -- Installing: /home/host/dev_ws/autobot/src/install/turtlebot3_msgs/include/turtlebot3_msgs/turtlebot3_msgs/msg/version_info.hpp
[6.728s] -- Installing: /home/host/dev_ws/autobot/src/install/turtlebot3_msgs/include/turtlebot3_msgs/turtlebot3_msgs/msg/sound.hpp
[6.728s] -- Installing: /home/host/dev_ws/autobot/src/install/turtlebot3_msgs/include/turtlebot3_msgs/turtlebot3_msgs/msg/sensor_state.hpp
[6.728s] -- Up-to-date: /home/host/dev_ws/autobot/src/install/turtlebot3_msgs/include/turtlebot3_msgs/turtlebot3_msgs/msg/detail
[6.729s] -- Installing: /home/host/dev_ws/autobot/src/install/turtlebot3_msgs/include/turtlebot3_msgs/turtlebot3_msgs/msg/detail/sensor_state__builder.hpp
[6.729s] -- Installing: /home/host/dev_ws/autobot/src/install/turtlebot3_msgs/include/turtlebot3_msgs/turtlebot3_msgs/msg/detail/sound__struct.hpp
[6.729s] -- Installing: /home/host/dev_ws/autobot/src/install/turtlebot3_msgs/include/turtlebot3_msgs/turtlebot3_msgs/msg/detail/sound__builder.hpp
[6.729s] -- Installing: /home/host/dev_ws/autobot/src/install/turtlebot3_msgs/include/turtlebot3_msgs/turtlebot3_msgs/msg/detail/sensor_state__struct.hpp
[6.729s] -- Installing: /home/host/dev_ws/autobot/src/install/turtlebot3_msgs/include/turtlebot3_msgs/turtlebot3_msgs/msg/detail/sound__traits.hpp
[6.729s] -- Installing: /home/host/dev_ws/autobot/src/install/turtlebot3_msgs/include/turtlebot3_msgs/turtlebot3_msgs/msg/detail/version_info__builder.hpp
[6.729s] -- Installing: /home/host/dev_ws/autobot/src/install/turtlebot3_msgs/include/turtlebot3_msgs/turtlebot3_msgs/msg/detail/version_info__traits.hpp
[6.729s] -- Installing: /home/host/dev_ws/autobot/src/install/turtlebot3_msgs/include/turtlebot3_msgs/turtlebot3_msgs/msg/detail/version_info__struct.hpp
[6.730s] -- Installing: /home/host/dev_ws/autobot/src/install/turtlebot3_msgs/include/turtlebot3_msgs/turtlebot3_msgs/msg/detail/sensor_state__traits.hpp
[6.730s] -- Up-to-date: /home/host/dev_ws/autobot/src/install/turtlebot3_msgs/include/turtlebot3_msgs/turtlebot3_msgs/srv
[6.730s] -- Installing: /home/host/dev_ws/autobot/src/install/turtlebot3_msgs/include/turtlebot3_msgs/turtlebot3_msgs/srv/sound.hpp
[6.730s] -- Up-to-date: /home/host/dev_ws/autobot/src/install/turtlebot3_msgs/include/turtlebot3_msgs/turtlebot3_msgs/srv/detail
[6.730s] -- Installing: /home/host/dev_ws/autobot/src/install/turtlebot3_msgs/include/turtlebot3_msgs/turtlebot3_msgs/srv/detail/sound__struct.hpp
[6.730s] -- Installing: /home/host/dev_ws/autobot/src/install/turtlebot3_msgs/include/turtlebot3_msgs/turtlebot3_msgs/srv/detail/sound__builder.hpp
[6.730s] -- Installing: /home/host/dev_ws/autobot/src/install/turtlebot3_msgs/include/turtlebot3_msgs/turtlebot3_msgs/srv/detail/dqn__builder.hpp
[6.730s] -- Installing: /home/host/dev_ws/autobot/src/install/turtlebot3_msgs/include/turtlebot3_msgs/turtlebot3_msgs/srv/detail/sound__traits.hpp
[6.730s] -- Installing: /home/host/dev_ws/autobot/src/install/turtlebot3_msgs/include/turtlebot3_msgs/turtlebot3_msgs/srv/detail/dqn__traits.hpp
[6.731s] -- Installing: /home/host/dev_ws/autobot/src/install/turtlebot3_msgs/include/turtlebot3_msgs/turtlebot3_msgs/srv/detail/dqn__struct.hpp
[6.731s] -- Installing: /home/host/dev_ws/autobot/src/install/turtlebot3_msgs/include/turtlebot3_msgs/turtlebot3_msgs/srv/dqn.hpp
[6.731s] -- Up-to-date: /home/host/dev_ws/autobot/src/install/turtlebot3_msgs/include/turtlebot3_msgs/turtlebot3_msgs
[6.731s] -- Up-to-date: /home/host/dev_ws/autobot/src/install/turtlebot3_msgs/include/turtlebot3_msgs/turtlebot3_msgs/action
[6.731s] -- Up-to-date: /home/host/dev_ws/autobot/src/install/turtlebot3_msgs/include/turtlebot3_msgs/turtlebot3_msgs/action/detail
[6.731s] -- Installing: /home/host/dev_ws/autobot/src/install/turtlebot3_msgs/include/turtlebot3_msgs/turtlebot3_msgs/action/detail/patrol__rosidl_typesupport_fastrtps_cpp.hpp
[6.731s] -- Installing: /home/host/dev_ws/autobot/src/install/turtlebot3_msgs/include/turtlebot3_msgs/turtlebot3_msgs/action/detail/dds_fastrtps
[6.731s] -- Up-to-date: /home/host/dev_ws/autobot/src/install/turtlebot3_msgs/include/turtlebot3_msgs/turtlebot3_msgs/msg
[6.731s] -- Installing: /home/host/dev_ws/autobot/src/install/turtlebot3_msgs/include/turtlebot3_msgs/turtlebot3_msgs/msg/rosidl_typesupport_fastrtps_cpp__visibility_control.h
[6.731s] -- Up-to-date: /home/host/dev_ws/autobot/src/install/turtlebot3_msgs/include/turtlebot3_msgs/turtlebot3_msgs/msg/detail
[6.731s] -- Installing: /home/host/dev_ws/autobot/src/install/turtlebot3_msgs/include/turtlebot3_msgs/turtlebot3_msgs/msg/detail/version_info__rosidl_typesupport_fastrtps_cpp.hpp
[6.732s] -- Installing: /home/host/dev_ws/autobot/src/install/turtlebot3_msgs/include/turtlebot3_msgs/turtlebot3_msgs/msg/detail/dds_fastrtps
[6.732s] -- Installing: /home/host/dev_ws/autobot/src/install/turtlebot3_msgs/include/turtlebot3_msgs/turtlebot3_msgs/msg/detail/sound__rosidl_typesupport_fastrtps_cpp.hpp
[6.732s] -- Installing: /home/host/dev_ws/autobot/src/install/turtlebot3_msgs/include/turtlebot3_msgs/turtlebot3_msgs/msg/detail/sensor_state__rosidl_typesupport_fastrtps_cpp.hpp
[6.732s] -- Up-to-date: /home/host/dev_ws/autobot/src/install/turtlebot3_msgs/include/turtlebot3_msgs/turtlebot3_msgs/srv
[6.732s] -- Up-to-date: /home/host/dev_ws/autobot/src/install/turtlebot3_msgs/include/turtlebot3_msgs/turtlebot3_msgs/srv/detail
[6.732s] -- Installing: /home/host/dev_ws/autobot/src/install/turtlebot3_msgs/include/turtlebot3_msgs/turtlebot3_msgs/srv/detail/dds_fastrtps
[6.732s] -- Installing: /home/host/dev_ws/autobot/src/install/turtlebot3_msgs/include/turtlebot3_msgs/turtlebot3_msgs/srv/detail/sound__rosidl_typesupport_fastrtps_cpp.hpp
[6.732s] -- Installing: /home/host/dev_ws/autobot/src/install/turtlebot3_msgs/include/turtlebot3_msgs/turtlebot3_msgs/srv/detail/dqn__rosidl_typesupport_fastrtps_cpp.hpp
[6.732s] -- Installing: /home/host/dev_ws/autobot/src/install/turtlebot3_msgs/lib/libturtlebot3_msgs__rosidl_typesupport_fastrtps_cpp.so
[6.733s] -- Set runtime path of "/home/host/dev_ws/autobot/src/install/turtlebot3_msgs/lib/libturtlebot3_msgs__rosidl_typesupport_fastrtps_cpp.so" to ""
[6.733s] -- Up-to-date: /home/host/dev_ws/autobot/src/install/turtlebot3_msgs/include/turtlebot3_msgs/turtlebot3_msgs
[6.733s] -- Up-to-date: /home/host/dev_ws/autobot/src/install/turtlebot3_msgs/include/turtlebot3_msgs/turtlebot3_msgs/action
[6.733s] -- Up-to-date: /home/host/dev_ws/autobot/src/install/turtlebot3_msgs/include/turtlebot3_msgs/turtlebot3_msgs/action/detail
[6.733s] -- Installing: /home/host/dev_ws/autobot/src/install/turtlebot3_msgs/include/turtlebot3_msgs/turtlebot3_msgs/action/detail/patrol__type_support.c
[6.735s] -- Installing: /home/host/dev_ws/autobot/src/install/turtlebot3_msgs/include/turtlebot3_msgs/turtlebot3_msgs/action/detail/patrol__rosidl_typesupport_introspection_c.h
[6.736s] -- Up-to-date: /home/host/dev_ws/autobot/src/install/turtlebot3_msgs/include/turtlebot3_msgs/turtlebot3_msgs/msg
[6.736s] -- Installing: /home/host/dev_ws/autobot/src/install/turtlebot3_msgs/include/turtlebot3_msgs/turtlebot3_msgs/msg/rosidl_typesupport_introspection_c__visibility_control.h
[6.736s] -- Up-to-date: /home/host/dev_ws/autobot/src/install/turtlebot3_msgs/include/turtlebot3_msgs/turtlebot3_msgs/msg/detail
[6.736s] -- Installing: /home/host/dev_ws/autobot/src/install/turtlebot3_msgs/include/turtlebot3_msgs/turtlebot3_msgs/msg/detail/sensor_state__type_support.c
[6.736s] -- Installing: /home/host/dev_ws/autobot/src/install/turtlebot3_msgs/include/turtlebot3_msgs/turtlebot3_msgs/msg/detail/sound__rosidl_typesupport_introspection_c.h
[6.736s] -- Installing: /home/host/dev_ws/autobot/src/install/turtlebot3_msgs/include/turtlebot3_msgs/turtlebot3_msgs/msg/detail/sensor_state__rosidl_typesupport_introspection_c.h
[6.736s] -- Installing: /home/host/dev_ws/autobot/src/install/turtlebot3_msgs/include/turtlebot3_msgs/turtlebot3_msgs/msg/detail/sound__type_support.c
[6.736s] -- Installing: /home/host/dev_ws/autobot/src/install/turtlebot3_msgs/include/turtlebot3_msgs/turtlebot3_msgs/msg/detail/version_info__type_support.c
[6.736s] -- Installing: /home/host/dev_ws/autobot/src/install/turtlebot3_msgs/include/turtlebot3_msgs/turtlebot3_msgs/msg/detail/version_info__rosidl_typesupport_introspection_c.h
[6.736s] -- Up-to-date: /home/host/dev_ws/autobot/src/install/turtlebot3_msgs/include/turtlebot3_msgs/turtlebot3_msgs/srv
[6.737s] -- Up-to-date: /home/host/dev_ws/autobot/src/install/turtlebot3_msgs/include/turtlebot3_msgs/turtlebot3_msgs/srv/detail
[6.737s] -- Installing: /home/host/dev_ws/autobot/src/install/turtlebot3_msgs/include/turtlebot3_msgs/turtlebot3_msgs/srv/detail/sound__rosidl_typesupport_introspection_c.h
[6.737s] -- Installing: /home/host/dev_ws/autobot/src/install/turtlebot3_msgs/include/turtlebot3_msgs/turtlebot3_msgs/srv/detail/sound__type_support.c
[6.737s] -- Installing: /home/host/dev_ws/autobot/src/install/turtlebot3_msgs/include/turtlebot3_msgs/turtlebot3_msgs/srv/detail/dqn__rosidl_typesupport_introspection_c.h
[6.737s] -- Installing: /home/host/dev_ws/autobot/src/install/turtlebot3_msgs/include/turtlebot3_msgs/turtlebot3_msgs/srv/detail/dqn__type_support.c
[6.737s] -- Installing: /home/host/dev_ws/autobot/src/install/turtlebot3_msgs/lib/libturtlebot3_msgs__rosidl_typesupport_introspection_c.so
[6.738s] -- Set runtime path of "/home/host/dev_ws/autobot/src/install/turtlebot3_msgs/lib/libturtlebot3_msgs__rosidl_typesupport_introspection_c.so" to ""
[6.738s] -- Installing: /home/host/dev_ws/autobot/src/install/turtlebot3_msgs/lib/libturtlebot3_msgs__rosidl_typesupport_c.so
[6.738s] -- Set runtime path of "/home/host/dev_ws/autobot/src/install/turtlebot3_msgs/lib/libturtlebot3_msgs__rosidl_typesupport_c.so" to ""
[6.738s] -- Up-to-date: /home/host/dev_ws/autobot/src/install/turtlebot3_msgs/include/turtlebot3_msgs/turtlebot3_msgs
[6.739s] -- Up-to-date: /home/host/dev_ws/autobot/src/install/turtlebot3_msgs/include/turtlebot3_msgs/turtlebot3_msgs/action
[6.739s] -- Up-to-date: /home/host/dev_ws/autobot/src/install/turtlebot3_msgs/include/turtlebot3_msgs/turtlebot3_msgs/action/detail
[6.739s] -- Installing: /home/host/dev_ws/autobot/src/install/turtlebot3_msgs/include/turtlebot3_msgs/turtlebot3_msgs/action/detail/patrol__rosidl_typesupport_introspection_cpp.hpp
[6.739s] -- Installing: /home/host/dev_ws/autobot/src/install/turtlebot3_msgs/include/turtlebot3_msgs/turtlebot3_msgs/action/detail/patrol__type_support.cpp
[6.739s] -- Up-to-date: /home/host/dev_ws/autobot/src/install/turtlebot3_msgs/include/turtlebot3_msgs/turtlebot3_msgs/msg
[6.739s] -- Up-to-date: /home/host/dev_ws/autobot/src/install/turtlebot3_msgs/include/turtlebot3_msgs/turtlebot3_msgs/msg/detail
[6.739s] -- Installing: /home/host/dev_ws/autobot/src/install/turtlebot3_msgs/include/turtlebot3_msgs/turtlebot3_msgs/msg/detail/sound__type_support.cpp
[6.740s] -- Installing: /home/host/dev_ws/autobot/src/install/turtlebot3_msgs/include/turtlebot3_msgs/turtlebot3_msgs/msg/detail/sensor_state__rosidl_typesupport_introspection_cpp.hpp
[6.740s] -- Installing: /home/host/dev_ws/autobot/src/install/turtlebot3_msgs/include/turtlebot3_msgs/turtlebot3_msgs/msg/detail/version_info__rosidl_typesupport_introspection_cpp.hpp
[6.740s] -- Installing: /home/host/dev_ws/autobot/src/install/turtlebot3_msgs/include/turtlebot3_msgs/turtlebot3_msgs/msg/detail/version_info__type_support.cpp
[6.740s] -- Installing: /home/host/dev_ws/autobot/src/install/turtlebot3_msgs/include/turtlebot3_msgs/turtlebot3_msgs/msg/detail/sound__rosidl_typesupport_introspection_cpp.hpp
[6.740s] -- Installing: /home/host/dev_ws/autobot/src/install/turtlebot3_msgs/include/turtlebot3_msgs/turtlebot3_msgs/msg/detail/sensor_state__type_support.cpp
[6.741s] -- Up-to-date: /home/host/dev_ws/autobot/src/install/turtlebot3_msgs/include/turtlebot3_msgs/turtlebot3_msgs/srv
[6.741s] -- Up-to-date: /home/host/dev_ws/autobot/src/install/turtlebot3_msgs/include/turtlebot3_msgs/turtlebot3_msgs/srv/detail
[6.741s] -- Installing: /home/host/dev_ws/autobot/src/install/turtlebot3_msgs/include/turtlebot3_msgs/turtlebot3_msgs/srv/detail/sound__type_support.cpp
[6.741s] -- Installing: /home/host/dev_ws/autobot/src/install/turtlebot3_msgs/include/turtlebot3_msgs/turtlebot3_msgs/srv/detail/dqn__type_support.cpp
[6.741s] -- Installing: /home/host/dev_ws/autobot/src/install/turtlebot3_msgs/include/turtlebot3_msgs/turtlebot3_msgs/srv/detail/dqn__rosidl_typesupport_introspection_cpp.hpp
[6.741s] -- Installing: /home/host/dev_ws/autobot/src/install/turtlebot3_msgs/include/turtlebot3_msgs/turtlebot3_msgs/srv/detail/sound__rosidl_typesupport_introspection_cpp.hpp
[6.741s] -- Installing: /home/host/dev_ws/autobot/src/install/turtlebot3_msgs/lib/libturtlebot3_msgs__rosidl_typesupport_introspection_cpp.so
[6.742s] -- Set runtime path of "/home/host/dev_ws/autobot/src/install/turtlebot3_msgs/lib/libturtlebot3_msgs__rosidl_typesupport_introspection_cpp.so" to ""
[6.742s] -- Installing: /home/host/dev_ws/autobot/src/install/turtlebot3_msgs/lib/libturtlebot3_msgs__rosidl_typesupport_cpp.so
[6.742s] -- Set runtime path of "/home/host/dev_ws/autobot/src/install/turtlebot3_msgs/lib/libturtlebot3_msgs__rosidl_typesupport_cpp.so" to ""
[6.742s] -- Installing: /home/host/dev_ws/autobot/src/install/turtlebot3_msgs/share/turtlebot3_msgs/environment/pythonpath.sh
[6.742s] -- Installing: /home/host/dev_ws/autobot/src/install/turtlebot3_msgs/share/turtlebot3_msgs/environment/pythonpath.dsv
[6.743s] -- Installing: /home/host/dev_ws/autobot/src/install/turtlebot3_msgs/local/lib/python3.10/dist-packages/turtlebot3_msgs-2.2.3-py3.10.egg-info
[6.743s] -- Installing: /home/host/dev_ws/autobot/src/install/turtlebot3_msgs/local/lib/python3.10/dist-packages/turtlebot3_msgs-2.2.3-py3.10.egg-info/top_level.txt
[6.743s] -- Installing: /home/host/dev_ws/autobot/src/install/turtlebot3_msgs/local/lib/python3.10/dist-packages/turtlebot3_msgs-2.2.3-py3.10.egg-info/SOURCES.txt
[6.743s] -- Installing: /home/host/dev_ws/autobot/src/install/turtlebot3_msgs/local/lib/python3.10/dist-packages/turtlebot3_msgs-2.2.3-py3.10.egg-info/dependency_links.txt
[6.743s] -- Installing: /home/host/dev_ws/autobot/src/install/turtlebot3_msgs/local/lib/python3.10/dist-packages/turtlebot3_msgs-2.2.3-py3.10.egg-info/PKG-INFO
[6.743s] -- Installing: /home/host/dev_ws/autobot/src/install/turtlebot3_msgs/local/lib/python3.10/dist-packages/turtlebot3_msgs
[6.743s] -- Installing: /home/host/dev_ws/autobot/src/install/turtlebot3_msgs/local/lib/python3.10/dist-packages/turtlebot3_msgs/_turtlebot3_msgs_s.ep.rosidl_typesupport_c.c
[6.744s] -- Installing: /home/host/dev_ws/autobot/src/install/turtlebot3_msgs/local/lib/python3.10/dist-packages/turtlebot3_msgs/action
[6.744s] -- Installing: /home/host/dev_ws/autobot/src/install/turtlebot3_msgs/local/lib/python3.10/dist-packages/turtlebot3_msgs/action/_patrol_s.c
[6.744s] -- Installing: /home/host/dev_ws/autobot/src/install/turtlebot3_msgs/local/lib/python3.10/dist-packages/turtlebot3_msgs/action/__init__.py
[6.744s] -- Installing: /home/host/dev_ws/autobot/src/install/turtlebot3_msgs/local/lib/python3.10/dist-packages/turtlebot3_msgs/action/_patrol.py
[6.744s] -- Installing: /home/host/dev_ws/autobot/src/install/turtlebot3_msgs/local/lib/python3.10/dist-packages/turtlebot3_msgs/_turtlebot3_msgs_s.ep.rosidl_typesupport_introspection_c.c
[6.744s] -- Installing: /home/host/dev_ws/autobot/src/install/turtlebot3_msgs/local/lib/python3.10/dist-packages/turtlebot3_msgs/turtlebot3_msgs_s__rosidl_typesupport_introspection_c.cpython-310-x86_64-linux-gnu.so
[6.744s] -- Installing: /home/host/dev_ws/autobot/src/install/turtlebot3_msgs/local/lib/python3.10/dist-packages/turtlebot3_msgs/turtlebot3_msgs_s__rosidl_typesupport_fastrtps_c.cpython-310-x86_64-linux-gnu.so
[6.744s] -- Installing: /home/host/dev_ws/autobot/src/install/turtlebot3_msgs/local/lib/python3.10/dist-packages/turtlebot3_msgs/libturtlebot3_msgs__rosidl_generator_py.so
[6.744s] -- Installing: /home/host/dev_ws/autobot/src/install/turtlebot3_msgs/local/lib/python3.10/dist-packages/turtlebot3_msgs/_turtlebot3_msgs_s.ep.rosidl_typesupport_fastrtps_c.c
[6.745s] -- Installing: /home/host/dev_ws/autobot/src/install/turtlebot3_msgs/local/lib/python3.10/dist-packages/turtlebot3_msgs/turtlebot3_msgs_s__rosidl_typesupport_c.cpython-310-x86_64-linux-gnu.so
[6.745s] -- Installing: /home/host/dev_ws/autobot/src/install/turtlebot3_msgs/local/lib/python3.10/dist-packages/turtlebot3_msgs/__init__.py
[6.745s] -- Installing: /home/host/dev_ws/autobot/src/install/turtlebot3_msgs/local/lib/python3.10/dist-packages/turtlebot3_msgs/msg
[6.745s] -- Installing: /home/host/dev_ws/autobot/src/install/turtlebot3_msgs/local/lib/python3.10/dist-packages/turtlebot3_msgs/msg/_version_info.py
[6.745s] -- Installing: /home/host/dev_ws/autobot/src/install/turtlebot3_msgs/local/lib/python3.10/dist-packages/turtlebot3_msgs/msg/_sensor_state_s.c
[6.745s] -- Installing: /home/host/dev_ws/autobot/src/install/turtlebot3_msgs/local/lib/python3.10/dist-packages/turtlebot3_msgs/msg/_sound.py
[6.745s] -- Installing: /home/host/dev_ws/autobot/src/install/turtlebot3_msgs/local/lib/python3.10/dist-packages/turtlebot3_msgs/msg/_sensor_state.py
[6.745s] -- Installing: /home/host/dev_ws/autobot/src/install/turtlebot3_msgs/local/lib/python3.10/dist-packages/turtlebot3_msgs/msg/__init__.py
[6.745s] -- Installing: /home/host/dev_ws/autobot/src/install/turtlebot3_msgs/local/lib/python3.10/dist-packages/turtlebot3_msgs/msg/_version_info_s.c
[6.745s] -- Installing: /home/host/dev_ws/autobot/src/install/turtlebot3_msgs/local/lib/python3.10/dist-packages/turtlebot3_msgs/msg/_sound_s.c
[6.746s] -- Installing: /home/host/dev_ws/autobot/src/install/turtlebot3_msgs/local/lib/python3.10/dist-packages/turtlebot3_msgs/srv
[6.746s] -- Installing: /home/host/dev_ws/autobot/src/install/turtlebot3_msgs/local/lib/python3.10/dist-packages/turtlebot3_msgs/srv/_dqn_s.c
[6.746s] -- Installing: /home/host/dev_ws/autobot/src/install/turtlebot3_msgs/local/lib/python3.10/dist-packages/turtlebot3_msgs/srv/_sound.py
[6.746s] -- Installing: /home/host/dev_ws/autobot/src/install/turtlebot3_msgs/local/lib/python3.10/dist-packages/turtlebot3_msgs/srv/__init__.py
[6.746s] -- Installing: /home/host/dev_ws/autobot/src/install/turtlebot3_msgs/local/lib/python3.10/dist-packages/turtlebot3_msgs/srv/_dqn.py
[6.746s] -- Installing: /home/host/dev_ws/autobot/src/install/turtlebot3_msgs/local/lib/python3.10/dist-packages/turtlebot3_msgs/srv/_sound_s.c
[6.783s] Listing '/home/host/dev_ws/autobot/src/install/turtlebot3_msgs/local/lib/python3.10/dist-packages/turtlebot3_msgs'...
[6.783s] Compiling '/home/host/dev_ws/autobot/src/install/turtlebot3_msgs/local/lib/python3.10/dist-packages/turtlebot3_msgs/__init__.py'...
[6.783s] Listing '/home/host/dev_ws/autobot/src/install/turtlebot3_msgs/local/lib/python3.10/dist-packages/turtlebot3_msgs/action'...
[6.783s] Compiling '/home/host/dev_ws/autobot/src/install/turtlebot3_msgs/local/lib/python3.10/dist-packages/turtlebot3_msgs/action/__init__.py'...
[6.783s] Compiling '/home/host/dev_ws/autobot/src/install/turtlebot3_msgs/local/lib/python3.10/dist-packages/turtlebot3_msgs/action/_patrol.py'...
[6.784s] Listing '/home/host/dev_ws/autobot/src/install/turtlebot3_msgs/local/lib/python3.10/dist-packages/turtlebot3_msgs/msg'...
[6.784s] Compiling '/home/host/dev_ws/autobot/src/install/turtlebot3_msgs/local/lib/python3.10/dist-packages/turtlebot3_msgs/msg/__init__.py'...
[6.784s] Compiling '/home/host/dev_ws/autobot/src/install/turtlebot3_msgs/local/lib/python3.10/dist-packages/turtlebot3_msgs/msg/_sensor_state.py'...
[6.784s] Compiling '/home/host/dev_ws/autobot/src/install/turtlebot3_msgs/local/lib/python3.10/dist-packages/turtlebot3_msgs/msg/_sound.py'...
[6.784s] Compiling '/home/host/dev_ws/autobot/src/install/turtlebot3_msgs/local/lib/python3.10/dist-packages/turtlebot3_msgs/msg/_version_info.py'...
[6.784s] Listing '/home/host/dev_ws/autobot/src/install/turtlebot3_msgs/local/lib/python3.10/dist-packages/turtlebot3_msgs/srv'...
[6.784s] Compiling '/home/host/dev_ws/autobot/src/install/turtlebot3_msgs/local/lib/python3.10/dist-packages/turtlebot3_msgs/srv/__init__.py'...
[6.784s] Compiling '/home/host/dev_ws/autobot/src/install/turtlebot3_msgs/local/lib/python3.10/dist-packages/turtlebot3_msgs/srv/_dqn.py'...
[6.784s] Compiling '/home/host/dev_ws/autobot/src/install/turtlebot3_msgs/local/lib/python3.10/dist-packages/turtlebot3_msgs/srv/_sound.py'...
[6.788s] -- Installing: /home/host/dev_ws/autobot/src/install/turtlebot3_msgs/local/lib/python3.10/dist-packages/turtlebot3_msgs/turtlebot3_msgs_s__rosidl_typesupport_fastrtps_c.cpython-310-x86_64-linux-gnu.so
[6.788s] -- Set runtime path of "/home/host/dev_ws/autobot/src/install/turtlebot3_msgs/local/lib/python3.10/dist-packages/turtlebot3_msgs/turtlebot3_msgs_s__rosidl_typesupport_fastrtps_c.cpython-310-x86_64-linux-gnu.so" to ""
[6.788s] -- Installing: /home/host/dev_ws/autobot/src/install/turtlebot3_msgs/local/lib/python3.10/dist-packages/turtlebot3_msgs/turtlebot3_msgs_s__rosidl_typesupport_introspection_c.cpython-310-x86_64-linux-gnu.so
[6.788s] -- Set runtime path of "/home/host/dev_ws/autobot/src/install/turtlebot3_msgs/local/lib/python3.10/dist-packages/turtlebot3_msgs/turtlebot3_msgs_s__rosidl_typesupport_introspection_c.cpython-310-x86_64-linux-gnu.so" to ""
[6.788s] -- Installing: /home/host/dev_ws/autobot/src/install/turtlebot3_msgs/local/lib/python3.10/dist-packages/turtlebot3_msgs/turtlebot3_msgs_s__rosidl_typesupport_c.cpython-310-x86_64-linux-gnu.so
[6.789s] -- Set runtime path of "/home/host/dev_ws/autobot/src/install/turtlebot3_msgs/local/lib/python3.10/dist-packages/turtlebot3_msgs/turtlebot3_msgs_s__rosidl_typesupport_c.cpython-310-x86_64-linux-gnu.so" to ""
[6.789s] -- Installing: /home/host/dev_ws/autobot/src/install/turtlebot3_msgs/lib/libturtlebot3_msgs__rosidl_generator_py.so
[6.789s] -- Set runtime path of "/home/host/dev_ws/autobot/src/install/turtlebot3_msgs/lib/libturtlebot3_msgs__rosidl_generator_py.so" to ""
[6.789s] -- Installing: /home/host/dev_ws/autobot/src/install/turtlebot3_msgs/share/turtlebot3_msgs/msg/SensorState.idl
[6.789s] -- Installing: /home/host/dev_ws/autobot/src/install/turtlebot3_msgs/share/turtlebot3_msgs/msg/Sound.idl
[6.789s] -- Installing: /home/host/dev_ws/autobot/src/install/turtlebot3_msgs/share/turtlebot3_msgs/msg/VersionInfo.idl
[6.789s] -- Installing: /home/host/dev_ws/autobot/src/install/turtlebot3_msgs/share/turtlebot3_msgs/srv/Sound.idl
[6.789s] -- Installing: /home/host/dev_ws/autobot/src/install/turtlebot3_msgs/share/turtlebot3_msgs/srv/Dqn.idl
[6.790s] -- Installing: /home/host/dev_ws/autobot/src/install/turtlebot3_msgs/share/turtlebot3_msgs/action/Patrol.idl
[6.790s] -- Installing: /home/host/dev_ws/autobot/src/install/turtlebot3_msgs/share/turtlebot3_msgs/msg/SensorState.msg
[6.790s] -- Installing: /home/host/dev_ws/autobot/src/install/turtlebot3_msgs/share/turtlebot3_msgs/msg/Sound.msg
[6.790s] -- Installing: /home/host/dev_ws/autobot/src/install/turtlebot3_msgs/share/turtlebot3_msgs/msg/VersionInfo.msg
[6.790s] -- Installing: /home/host/dev_ws/autobot/src/install/turtlebot3_msgs/share/turtlebot3_msgs/srv/Sound.srv
[6.790s] -- Installing: /home/host/dev_ws/autobot/src/install/turtlebot3_msgs/share/turtlebot3_msgs/srv/Sound_Request.msg
[6.790s] -- Installing: /home/host/dev_ws/autobot/src/install/turtlebot3_msgs/share/turtlebot3_msgs/srv/Sound_Response.msg
[6.790s] -- Installing: /home/host/dev_ws/autobot/src/install/turtlebot3_msgs/share/turtlebot3_msgs/srv/Dqn.srv
[6.790s] -- Installing: /home/host/dev_ws/autobot/src/install/turtlebot3_msgs/share/turtlebot3_msgs/srv/Dqn_Request.msg
[6.791s] -- Installing: /home/host/dev_ws/autobot/src/install/turtlebot3_msgs/share/turtlebot3_msgs/srv/Dqn_Response.msg
[6.791s] -- Installing: /home/host/dev_ws/autobot/src/install/turtlebot3_msgs/share/turtlebot3_msgs/action/Patrol.action
[6.791s] -- Installing: /home/host/dev_ws/autobot/src/install/turtlebot3_msgs/share/ament_index/resource_index/package_run_dependencies/turtlebot3_msgs
[6.791s] -- Installing: /home/host/dev_ws/autobot/src/install/turtlebot3_msgs/share/ament_index/resource_index/parent_prefix_path/turtlebot3_msgs
[6.791s] -- Installing: /home/host/dev_ws/autobot/src/install/turtlebot3_msgs/share/turtlebot3_msgs/environment/ament_prefix_path.sh
[6.791s] -- Installing: /home/host/dev_ws/autobot/src/install/turtlebot3_msgs/share/turtlebot3_msgs/environment/ament_prefix_path.dsv
[6.791s] -- Installing: /home/host/dev_ws/autobot/src/install/turtlebot3_msgs/share/turtlebot3_msgs/environment/path.sh
[6.791s] -- Installing: /home/host/dev_ws/autobot/src/install/turtlebot3_msgs/share/turtlebot3_msgs/environment/path.dsv
[6.791s] -- Installing: /home/host/dev_ws/autobot/src/install/turtlebot3_msgs/share/turtlebot3_msgs/local_setup.bash
[6.791s] -- Installing: /home/host/dev_ws/autobot/src/install/turtlebot3_msgs/share/turtlebot3_msgs/local_setup.sh
[6.792s] -- Installing: /home/host/dev_ws/autobot/src/install/turtlebot3_msgs/share/turtlebot3_msgs/local_setup.zsh
[6.792s] -- Installing: /home/host/dev_ws/autobot/src/install/turtlebot3_msgs/share/turtlebot3_msgs/local_setup.dsv
[6.792s] -- Installing: /home/host/dev_ws/autobot/src/install/turtlebot3_msgs/share/turtlebot3_msgs/package.dsv
[6.792s] -- Installing: /home/host/dev_ws/autobot/src/install/turtlebot3_msgs/share/ament_index/resource_index/packages/turtlebot3_msgs
[6.792s] -- Installing: /home/host/dev_ws/autobot/src/install/turtlebot3_msgs/share/turtlebot3_msgs/cmake/export_turtlebot3_msgs__rosidl_generator_cExport.cmake
[6.792s] -- Installing: /home/host/dev_ws/autobot/src/install/turtlebot3_msgs/share/turtlebot3_msgs/cmake/export_turtlebot3_msgs__rosidl_generator_cExport-noconfig.cmake
[6.793s] -- Installing: /home/host/dev_ws/autobot/src/install/turtlebot3_msgs/share/turtlebot3_msgs/cmake/export_turtlebot3_msgs__rosidl_typesupport_fastrtps_cExport.cmake
[6.793s] -- Installing: /home/host/dev_ws/autobot/src/install/turtlebot3_msgs/share/turtlebot3_msgs/cmake/export_turtlebot3_msgs__rosidl_typesupport_fastrtps_cExport-noconfig.cmake
[6.793s] -- Installing: /home/host/dev_ws/autobot/src/install/turtlebot3_msgs/share/turtlebot3_msgs/cmake/export_turtlebot3_msgs__rosidl_generator_cppExport.cmake
[6.793s] -- Installing: /home/host/dev_ws/autobot/src/install/turtlebot3_msgs/share/turtlebot3_msgs/cmake/export_turtlebot3_msgs__rosidl_typesupport_fastrtps_cppExport.cmake
[6.793s] -- Installing: /home/host/dev_ws/autobot/src/install/turtlebot3_msgs/share/turtlebot3_msgs/cmake/export_turtlebot3_msgs__rosidl_typesupport_fastrtps_cppExport-noconfig.cmake
[6.793s] -- Installing: /home/host/dev_ws/autobot/src/install/turtlebot3_msgs/share/turtlebot3_msgs/cmake/turtlebot3_msgs__rosidl_typesupport_introspection_cExport.cmake
[6.793s] -- Installing: /home/host/dev_ws/autobot/src/install/turtlebot3_msgs/share/turtlebot3_msgs/cmake/turtlebot3_msgs__rosidl_typesupport_introspection_cExport-noconfig.cmake
[6.794s] -- Installing: /home/host/dev_ws/autobot/src/install/turtlebot3_msgs/share/turtlebot3_msgs/cmake/turtlebot3_msgs__rosidl_typesupport_cExport.cmake
[6.794s] -- Installing: /home/host/dev_ws/autobot/src/install/turtlebot3_msgs/share/turtlebot3_msgs/cmake/turtlebot3_msgs__rosidl_typesupport_cExport-noconfig.cmake
[6.794s] -- Installing: /home/host/dev_ws/autobot/src/install/turtlebot3_msgs/share/turtlebot3_msgs/cmake/turtlebot3_msgs__rosidl_typesupport_introspection_cppExport.cmake
[6.794s] -- Installing: /home/host/dev_ws/autobot/src/install/turtlebot3_msgs/share/turtlebot3_msgs/cmake/turtlebot3_msgs__rosidl_typesupport_introspection_cppExport-noconfig.cmake
[6.794s] -- Installing: /home/host/dev_ws/autobot/src/install/turtlebot3_msgs/share/turtlebot3_msgs/cmake/turtlebot3_msgs__rosidl_typesupport_cppExport.cmake
[6.794s] -- Installing: /home/host/dev_ws/autobot/src/install/turtlebot3_msgs/share/turtlebot3_msgs/cmake/turtlebot3_msgs__rosidl_typesupport_cppExport-noconfig.cmake
[6.794s] -- Installing: /home/host/dev_ws/autobot/src/install/turtlebot3_msgs/share/turtlebot3_msgs/cmake/export_turtlebot3_msgs__rosidl_generator_pyExport.cmake
[6.795s] -- Installing: /home/host/dev_ws/autobot/src/install/turtlebot3_msgs/share/turtlebot3_msgs/cmake/export_turtlebot3_msgs__rosidl_generator_pyExport-noconfig.cmake
[6.795s] -- Installing: /home/host/dev_ws/autobot/src/install/turtlebot3_msgs/share/turtlebot3_msgs/cmake/rosidl_cmake-extras.cmake
[6.795s] -- Installing: /home/host/dev_ws/autobot/src/install/turtlebot3_msgs/share/turtlebot3_msgs/cmake/ament_cmake_export_dependencies-extras.cmake
[6.795s] -- Installing: /home/host/dev_ws/autobot/src/install/turtlebot3_msgs/share/turtlebot3_msgs/cmake/ament_cmake_export_include_directories-extras.cmake
[6.795s] -- Installing: /home/host/dev_ws/autobot/src/install/turtlebot3_msgs/share/turtlebot3_msgs/cmake/ament_cmake_export_libraries-extras.cmake
[6.795s] -- Installing: /home/host/dev_ws/autobot/src/install/turtlebot3_msgs/share/turtlebot3_msgs/cmake/ament_cmake_export_targets-extras.cmake
[6.795s] -- Installing: /home/host/dev_ws/autobot/src/install/turtlebot3_msgs/share/turtlebot3_msgs/cmake/rosidl_cmake_export_typesupport_targets-extras.cmake
[6.795s] -- Installing: /home/host/dev_ws/autobot/src/install/turtlebot3_msgs/share/turtlebot3_msgs/cmake/rosidl_cmake_export_typesupport_libraries-extras.cmake
[6.795s] -- Installing: /home/host/dev_ws/autobot/src/install/turtlebot3_msgs/share/turtlebot3_msgs/cmake/turtlebot3_msgsConfig.cmake
[6.795s] -- Installing: /home/host/dev_ws/autobot/src/install/turtlebot3_msgs/share/turtlebot3_msgs/cmake/turtlebot3_msgsConfig-version.cmake
[6.795s] -- Installing: /home/host/dev_ws/autobot/src/install/turtlebot3_msgs/share/turtlebot3_msgs/package.xml
[6.798s] Invoked command in '/home/host/dev_ws/autobot/src/build/turtlebot3_msgs' returned '0': CMAKE_PREFIX_PATH=/opt/ros/humble /usr/bin/cmake --install /home/host/dev_ws/autobot/src/build/turtlebot3_msgs
