[0.028s] Invoking command in '/home/host/dev_ws/autobot/src/build/turtlebot3_description': CMAKE_PREFIX_PATH=/opt/ros/humble /usr/bin/cmake /home/host/dev_ws/autobot/src/turtlebot3/turtlebot3_description -DCMAKE_INSTALL_PREFIX=/home/host/dev_ws/autobot/src/install/turtlebot3_description
[0.362s] -- The C compiler identification is GNU 11.4.0
[0.363s] -- The CXX compiler identification is GNU 11.4.0
[0.363s] -- Detecting C compiler ABI info
[0.363s] -- Detecting C compiler ABI info - done
[0.363s] -- Check for working C compiler: /usr/bin/cc - skipped
[0.363s] -- Detecting C compile features
[0.363s] -- Detecting C compile features - done
[0.364s] -- Detecting CXX compiler ABI info
[0.364s] -- Detecting CXX compiler ABI info - done
[0.364s] -- Check for working CXX compiler: /usr/bin/c++ - skipped
[0.365s] -- Detecting CXX compile features
[0.365s] -- Detecting CXX compile features - done
[0.365s] -- Found ament_cmake: 1.3.10 (/opt/ros/humble/share/ament_cmake/cmake)
[0.408s] -- Found Python3: /usr/bin/python3 (found version "3.10.12") found components: Interpreter 
[0.517s] -- Found urdf: 2.6.1 (/opt/ros/humble/share/urdf/cmake)
[0.662s] -- Configuring done
[0.666s] -- Generating done
[0.667s] -- Build files have been written to: /home/host/dev_ws/autobot/src/build/turtlebot3_description
[0.672s] Invoked command in '/home/host/dev_ws/autobot/src/build/turtlebot3_description' returned '0': CMAKE_PREFIX_PATH=/opt/ros/humble /usr/bin/cmake /home/host/dev_ws/autobot/src/turtlebot3/turtlebot3_description -DCMAKE_INSTALL_PREFIX=/home/host/dev_ws/autobot/src/install/turtlebot3_description
[0.673s] Invoking command in '/home/host/dev_ws/autobot/src/build/turtlebot3_description': CMAKE_PREFIX_PATH=/opt/ros/humble /usr/bin/cmake --build /home/host/dev_ws/autobot/src/build/turtlebot3_description -- -j20 -l20
[0.696s] Invoked command in '/home/host/dev_ws/autobot/src/build/turtlebot3_description' returned '0': CMAKE_PREFIX_PATH=/opt/ros/humble /usr/bin/cmake --build /home/host/dev_ws/autobot/src/build/turtlebot3_description -- -j20 -l20
[0.697s] Invoking command in '/home/host/dev_ws/autobot/src/build/turtlebot3_description': CMAKE_PREFIX_PATH=/opt/ros/humble /usr/bin/cmake --install /home/host/dev_ws/autobot/src/build/turtlebot3_description
[0.700s] -- Install configuration: ""
[0.700s] -- Installing: /home/host/dev_ws/autobot/src/install/turtlebot3_description/share/turtlebot3_description/meshes
[0.700s] -- Installing: /home/host/dev_ws/autobot/src/install/turtlebot3_description/share/turtlebot3_description/meshes/bases
[0.701s] -- Installing: /home/host/dev_ws/autobot/src/install/turtlebot3_description/share/turtlebot3_description/meshes/bases/burger_base.stl
[0.705s] -- Installing: /home/host/dev_ws/autobot/src/install/turtlebot3_description/share/turtlebot3_description/meshes/bases/waffle_pi_base.stl
[0.712s] -- Installing: /home/host/dev_ws/autobot/src/install/turtlebot3_description/share/turtlebot3_description/meshes/bases/waffle_base.stl
[0.725s] -- Installing: /home/host/dev_ws/autobot/src/install/turtlebot3_description/share/turtlebot3_description/meshes/wheels
[0.725s] -- Installing: /home/host/dev_ws/autobot/src/install/turtlebot3_description/share/turtlebot3_description/meshes/wheels/right_tire.stl
[0.726s] -- Installing: /home/host/dev_ws/autobot/src/install/turtlebot3_description/share/turtlebot3_description/meshes/wheels/left_tire.stl
[0.728s] -- Installing: /home/host/dev_ws/autobot/src/install/turtlebot3_description/share/turtlebot3_description/meshes/sensors
[0.728s] -- Installing: /home/host/dev_ws/autobot/src/install/turtlebot3_description/share/turtlebot3_description/meshes/sensors/r200.dae
[0.729s] -- Installing: /home/host/dev_ws/autobot/src/install/turtlebot3_description/share/turtlebot3_description/meshes/sensors/lds.stl
[0.730s] -- Installing: /home/host/dev_ws/autobot/src/install/turtlebot3_description/share/turtlebot3_description/meshes/sensors/astra.jpg
[0.731s] -- Installing: /home/host/dev_ws/autobot/src/install/turtlebot3_description/share/turtlebot3_description/meshes/sensors/r200.jpg
[0.731s] -- Installing: /home/host/dev_ws/autobot/src/install/turtlebot3_description/share/turtlebot3_description/meshes/sensors/astra.dae
[0.738s] -- Installing: /home/host/dev_ws/autobot/src/install/turtlebot3_description/share/turtlebot3_description/rviz
[0.739s] -- Installing: /home/host/dev_ws/autobot/src/install/turtlebot3_description/share/turtlebot3_description/rviz/model.rviz
[0.739s] -- Installing: /home/host/dev_ws/autobot/src/install/turtlebot3_description/share/turtlebot3_description/urdf
[0.739s] -- Installing: /home/host/dev_ws/autobot/src/install/turtlebot3_description/share/turtlebot3_description/urdf/common_properties.urdf
[0.739s] -- Installing: /home/host/dev_ws/autobot/src/install/turtlebot3_description/share/turtlebot3_description/urdf/turtlebot3_waffle.urdf
[0.739s] -- Installing: /home/host/dev_ws/autobot/src/install/turtlebot3_description/share/turtlebot3_description/urdf/turtlebot3_burger.urdf
[0.739s] -- Installing: /home/host/dev_ws/autobot/src/install/turtlebot3_description/share/turtlebot3_description/urdf/turtlebot3_waffle_pi.urdf
[0.739s] -- Installing: /home/host/dev_ws/autobot/src/install/turtlebot3_description/share/ament_index/resource_index/package_run_dependencies/turtlebot3_description
[0.739s] -- Installing: /home/host/dev_ws/autobot/src/install/turtlebot3_description/share/ament_index/resource_index/parent_prefix_path/turtlebot3_description
[0.739s] -- Installing: /home/host/dev_ws/autobot/src/install/turtlebot3_description/share/turtlebot3_description/environment/ament_prefix_path.sh
[0.739s] -- Installing: /home/host/dev_ws/autobot/src/install/turtlebot3_description/share/turtlebot3_description/environment/ament_prefix_path.dsv
[0.739s] -- Installing: /home/host/dev_ws/autobot/src/install/turtlebot3_description/share/turtlebot3_description/environment/path.sh
[0.740s] -- Installing: /home/host/dev_ws/autobot/src/install/turtlebot3_description/share/turtlebot3_description/environment/path.dsv
[0.740s] -- Installing: /home/host/dev_ws/autobot/src/install/turtlebot3_description/share/turtlebot3_description/local_setup.bash
[0.740s] -- Installing: /home/host/dev_ws/autobot/src/install/turtlebot3_description/share/turtlebot3_description/local_setup.sh
[0.740s] -- Installing: /home/host/dev_ws/autobot/src/install/turtlebot3_description/share/turtlebot3_description/local_setup.zsh
[0.740s] -- Installing: /home/host/dev_ws/autobot/src/install/turtlebot3_description/share/turtlebot3_description/local_setup.dsv
[0.740s] -- Installing: /home/host/dev_ws/autobot/src/install/turtlebot3_description/share/turtlebot3_description/package.dsv
[0.740s] -- Installing: /home/host/dev_ws/autobot/src/install/turtlebot3_description/share/ament_index/resource_index/packages/turtlebot3_description
[0.740s] -- Installing: /home/host/dev_ws/autobot/src/install/turtlebot3_description/share/turtlebot3_description/cmake/turtlebot3_descriptionConfig.cmake
[0.740s] -- Installing: /home/host/dev_ws/autobot/src/install/turtlebot3_description/share/turtlebot3_description/cmake/turtlebot3_descriptionConfig-version.cmake
[0.740s] -- Installing: /home/host/dev_ws/autobot/src/install/turtlebot3_description/share/turtlebot3_description/package.xml
[0.742s] Invoked command in '/home/host/dev_ws/autobot/src/build/turtlebot3_description' returned '0': CMAKE_PREFIX_PATH=/opt/ros/humble /usr/bin/cmake --install /home/host/dev_ws/autobot/src/build/turtlebot3_description
