[0.023s] Invoking command in '/home/host/dev_ws/autobot/src/build/turtlebot3_node': AMENT_PREFIX_PATH=/home/host/dev_ws/autobot/src/install/turtlebot3_msgs:${AMENT_PREFIX_PATH} CMAKE_PREFIX_PATH=/home/host/dev_ws/autobot/src/install/turtlebot3_msgs:/opt/ros/humble LD_LIBRARY_PATH=/home/host/dev_ws/autobot/src/install/turtlebot3_msgs/lib:${LD_LIBRARY_PATH} PYTHONPATH=/home/host/dev_ws/autobot/src/install/turtlebot3_msgs/local/lib/python3.10/dist-packages:${PYTHONPATH} /usr/bin/cmake /home/host/dev_ws/autobot/src/turtlebot3/turtlebot3_node -DCMAKE_INSTALL_PREFIX=/home/host/dev_ws/autobot/src/install/turtlebot3_node
[0.220s] -- The C compiler identification is GNU 11.4.0
[0.221s] -- The CXX compiler identification is GNU 11.4.0
[0.221s] -- Detecting C compiler ABI info
[0.221s] -- Detecting C compiler ABI info - done
[0.221s] -- Check for working C compiler: /usr/bin/cc - skipped
[0.221s] -- Detecting C compile features
[0.221s] -- Detecting C compile features - done
[0.221s] -- Detecting CXX compiler ABI info
[0.243s] -- Detecting CXX compiler ABI info - done
[0.253s] -- Check for working CXX compiler: /usr/bin/c++ - skipped
[0.253s] -- Detecting CXX compile features
[0.253s] -- Detecting CXX compile features - done
[0.262s] -- Found ament_cmake: 1.3.10 (/opt/ros/humble/share/ament_cmake/cmake)
[0.406s] -- Found Python3: /usr/bin/python3 (found version "3.10.12") found components: Interpreter 
[0.568s] -- Found dynamixel_sdk: 3.7.60 (/opt/ros/humble/share/dynamixel_sdk/cmake)
[0.579s] -- Found geometry_msgs: 4.2.4 (/opt/ros/humble/share/geometry_msgs/cmake)
[0.677s] -- Found rosidl_generator_c: 3.1.5 (/opt/ros/humble/share/rosidl_generator_c/cmake)
[0.693s] -- Found rosidl_adapter: 3.1.5 (/opt/ros/humble/share/rosidl_adapter/cmake)
[0.713s] -- Found rosidl_generator_cpp: 3.1.5 (/opt/ros/humble/share/rosidl_generator_cpp/cmake)
[0.740s] -- Using all available rosidl_typesupport_c: rosidl_typesupport_fastrtps_c;rosidl_typesupport_introspection_c
[0.776s] -- Using all available rosidl_typesupport_cpp: rosidl_typesupport_fastrtps_cpp;rosidl_typesupport_introspection_cpp
[0.841s] -- Found message_filters: 4.3.5 (/opt/ros/humble/share/message_filters/cmake)
[0.949s] -- Found rmw_implementation_cmake: 6.1.2 (/opt/ros/humble/share/rmw_implementation_cmake/cmake)
[0.957s] -- Found rmw_fastrtps_cpp: 6.2.7 (/opt/ros/humble/share/rmw_fastrtps_cpp/cmake)
[1.084s] -- Found OpenSSL: /usr/lib/x86_64-linux-gnu/libcrypto.so (found version "3.0.2")  
[1.126s] -- Found FastRTPS: /opt/ros/humble/include  
[1.197s] -- Using RMW implementation 'rmw_fastrtps_cpp' as default
[1.225s] -- Looking for pthread.h
[1.282s] -- Looking for pthread.h - found
[1.283s] -- Performing Test CMAKE_HAVE_LIBC_PTHREAD
[1.339s] -- Performing Test CMAKE_HAVE_LIBC_PTHREAD - Success
[1.340s] -- Found Threads: TRUE  
[1.410s] -- Found nav_msgs: 4.2.4 (/opt/ros/humble/share/nav_msgs/cmake)
[1.440s] -- Found sensor_msgs: 4.2.4 (/opt/ros/humble/share/sensor_msgs/cmake)
[1.472s] -- Found std_srvs: 4.2.4 (/opt/ros/humble/share/std_srvs/cmake)
[1.496s] -- Found tf2: 0.25.8 (/opt/ros/humble/share/tf2/cmake)
[1.526s] -- Found tf2_ros: 0.25.8 (/opt/ros/humble/share/tf2_ros/cmake)
[1.644s] -- Found turtlebot3_msgs: 2.2.3 (/home/host/dev_ws/autobot/src/install/turtlebot3_msgs/share/turtlebot3_msgs/cmake)
[1.715s] -- Configuring done
[1.743s] -- Generating done
[1.752s] -- Build files have been written to: /home/host/dev_ws/autobot/src/build/turtlebot3_node
[1.764s] Invoked command in '/home/host/dev_ws/autobot/src/build/turtlebot3_node' returned '0': AMENT_PREFIX_PATH=/home/host/dev_ws/autobot/src/install/turtlebot3_msgs:${AMENT_PREFIX_PATH} CMAKE_PREFIX_PATH=/home/host/dev_ws/autobot/src/install/turtlebot3_msgs:/opt/ros/humble LD_LIBRARY_PATH=/home/host/dev_ws/autobot/src/install/turtlebot3_msgs/lib:${LD_LIBRARY_PATH} PYTHONPATH=/home/host/dev_ws/autobot/src/install/turtlebot3_msgs/local/lib/python3.10/dist-packages:${PYTHONPATH} /usr/bin/cmake /home/host/dev_ws/autobot/src/turtlebot3/turtlebot3_node -DCMAKE_INSTALL_PREFIX=/home/host/dev_ws/autobot/src/install/turtlebot3_node
[1.765s] Invoking command in '/home/host/dev_ws/autobot/src/build/turtlebot3_node': AMENT_PREFIX_PATH=/home/host/dev_ws/autobot/src/install/turtlebot3_msgs:${AMENT_PREFIX_PATH} CMAKE_PREFIX_PATH=/home/host/dev_ws/autobot/src/install/turtlebot3_msgs:/opt/ros/humble LD_LIBRARY_PATH=/home/host/dev_ws/autobot/src/install/turtlebot3_msgs/lib:${LD_LIBRARY_PATH} PYTHONPATH=/home/host/dev_ws/autobot/src/install/turtlebot3_msgs/local/lib/python3.10/dist-packages:${PYTHONPATH} /usr/bin/cmake --build /home/host/dev_ws/autobot/src/build/turtlebot3_node -- -j20 -l20
[1.802s] [  7%] [32mBuilding CXX object CMakeFiles/turtlebot3_node_lib.dir/src/devices/motor_power.cpp.o[0m
[1.802s] [ 28%] [32mBuilding CXX object CMakeFiles/turtlebot3_node_lib.dir/src/dynamixel_sdk_wrapper.cpp.o[0m
[1.802s] [ 28%] [32mBuilding CXX object CMakeFiles/turtlebot3_node_lib.dir/src/diff_drive_controller.cpp.o[0m
[1.802s] [ 35%] [32mBuilding CXX object CMakeFiles/turtlebot3_node_lib.dir/src/odometry.cpp.o[0m
[1.802s] [ 35%] [32mBuilding CXX object CMakeFiles/turtlebot3_node_lib.dir/src/devices/reset.cpp.o[0m
[1.803s] [ 42%] [32mBuilding CXX object CMakeFiles/turtlebot3_node_lib.dir/src/turtlebot3.cpp.o[0m
[1.803s] [ 50%] [32mBuilding CXX object CMakeFiles/turtlebot3_node_lib.dir/src/devices/sound.cpp.o[0m
[1.805s] [ 64%] [32mBuilding CXX object CMakeFiles/turtlebot3_node_lib.dir/src/sensors/battery_state.cpp.o[0m
[1.805s] [ 64%] [32mBuilding CXX object CMakeFiles/turtlebot3_node_lib.dir/src/sensors/imu.cpp.o[0m
[1.810s] [ 71%] [32mBuilding CXX object CMakeFiles/turtlebot3_node_lib.dir/src/sensors/sensor_state.cpp.o[0m
[1.813s] [ 78%] [32mBuilding CXX object CMakeFiles/turtlebot3_node_lib.dir/src/sensors/joint_state.cpp.o[0m
[67.396s] [ 85%] [32m[1mLinking CXX static library libturtlebot3_node_lib.a[0m
[67.734s] [ 85%] Built target turtlebot3_node_lib
[67.750s] [ 92%] [32mBuilding CXX object CMakeFiles/turtlebot3_ros.dir/src/node_main.cpp.o[0m
[69.724s] [100%] [32m[1mLinking CXX executable turtlebot3_ros[0m
[70.698s] [100%] Built target turtlebot3_ros
[70.706s] Invoked command in '/home/host/dev_ws/autobot/src/build/turtlebot3_node' returned '0': AMENT_PREFIX_PATH=/home/host/dev_ws/autobot/src/install/turtlebot3_msgs:${AMENT_PREFIX_PATH} CMAKE_PREFIX_PATH=/home/host/dev_ws/autobot/src/install/turtlebot3_msgs:/opt/ros/humble LD_LIBRARY_PATH=/home/host/dev_ws/autobot/src/install/turtlebot3_msgs/lib:${LD_LIBRARY_PATH} PYTHONPATH=/home/host/dev_ws/autobot/src/install/turtlebot3_msgs/local/lib/python3.10/dist-packages:${PYTHONPATH} /usr/bin/cmake --build /home/host/dev_ws/autobot/src/build/turtlebot3_node -- -j20 -l20
[70.712s] Invoking command in '/home/host/dev_ws/autobot/src/build/turtlebot3_node': AMENT_PREFIX_PATH=/home/host/dev_ws/autobot/src/install/turtlebot3_msgs:${AMENT_PREFIX_PATH} CMAKE_PREFIX_PATH=/home/host/dev_ws/autobot/src/install/turtlebot3_msgs:/opt/ros/humble LD_LIBRARY_PATH=/home/host/dev_ws/autobot/src/install/turtlebot3_msgs/lib:${LD_LIBRARY_PATH} PYTHONPATH=/home/host/dev_ws/autobot/src/install/turtlebot3_msgs/local/lib/python3.10/dist-packages:${PYTHONPATH} /usr/bin/cmake --install /home/host/dev_ws/autobot/src/build/turtlebot3_node
[70.716s] -- Install configuration: ""
[70.716s] -- Installing: /home/host/dev_ws/autobot/src/install/turtlebot3_node/share/turtlebot3_node/param
[70.716s] -- Installing: /home/host/dev_ws/autobot/src/install/turtlebot3_node/share/turtlebot3_node/param/burger.yaml
[70.716s] -- Installing: /home/host/dev_ws/autobot/src/install/turtlebot3_node/share/turtlebot3_node/param/waffle.yaml
[70.716s] -- Installing: /home/host/dev_ws/autobot/src/install/turtlebot3_node/share/turtlebot3_node/param/waffle_pi.yaml
[70.716s] -- Installing: /home/host/dev_ws/autobot/src/install/turtlebot3_node/lib/turtlebot3_node/turtlebot3_ros
[70.723s] -- Set runtime path of "/home/host/dev_ws/autobot/src/install/turtlebot3_node/lib/turtlebot3_node/turtlebot3_ros" to ""
[70.723s] -- Installing: /home/host/dev_ws/autobot/src/install/turtlebot3_node/share/ament_index/resource_index/package_run_dependencies/turtlebot3_node
[70.723s] -- Installing: /home/host/dev_ws/autobot/src/install/turtlebot3_node/share/ament_index/resource_index/parent_prefix_path/turtlebot3_node
[70.723s] -- Installing: /home/host/dev_ws/autobot/src/install/turtlebot3_node/share/turtlebot3_node/environment/ament_prefix_path.sh
[70.724s] -- Installing: /home/host/dev_ws/autobot/src/install/turtlebot3_node/share/turtlebot3_node/environment/ament_prefix_path.dsv
[70.724s] -- Installing: /home/host/dev_ws/autobot/src/install/turtlebot3_node/share/turtlebot3_node/environment/path.sh
[70.724s] -- Installing: /home/host/dev_ws/autobot/src/install/turtlebot3_node/share/turtlebot3_node/environment/path.dsv
[70.724s] -- Installing: /home/host/dev_ws/autobot/src/install/turtlebot3_node/share/turtlebot3_node/local_setup.bash
[70.724s] -- Installing: /home/host/dev_ws/autobot/src/install/turtlebot3_node/share/turtlebot3_node/local_setup.sh
[70.724s] -- Installing: /home/host/dev_ws/autobot/src/install/turtlebot3_node/share/turtlebot3_node/local_setup.zsh
[70.724s] -- Installing: /home/host/dev_ws/autobot/src/install/turtlebot3_node/share/turtlebot3_node/local_setup.dsv
[70.724s] -- Installing: /home/host/dev_ws/autobot/src/install/turtlebot3_node/share/turtlebot3_node/package.dsv
[70.724s] -- Installing: /home/host/dev_ws/autobot/src/install/turtlebot3_node/share/ament_index/resource_index/packages/turtlebot3_node
[70.725s] -- Installing: /home/host/dev_ws/autobot/src/install/turtlebot3_node/share/turtlebot3_node/cmake/ament_cmake_export_include_directories-extras.cmake
[70.725s] -- Installing: /home/host/dev_ws/autobot/src/install/turtlebot3_node/share/turtlebot3_node/cmake/turtlebot3_nodeConfig.cmake
[70.725s] -- Installing: /home/host/dev_ws/autobot/src/install/turtlebot3_node/share/turtlebot3_node/cmake/turtlebot3_nodeConfig-version.cmake
[70.725s] -- Installing: /home/host/dev_ws/autobot/src/install/turtlebot3_node/share/turtlebot3_node/package.xml
[70.726s] Invoked command in '/home/host/dev_ws/autobot/src/build/turtlebot3_node' returned '0': AMENT_PREFIX_PATH=/home/host/dev_ws/autobot/src/install/turtlebot3_msgs:${AMENT_PREFIX_PATH} CMAKE_PREFIX_PATH=/home/host/dev_ws/autobot/src/install/turtlebot3_msgs:/opt/ros/humble LD_LIBRARY_PATH=/home/host/dev_ws/autobot/src/install/turtlebot3_msgs/lib:${LD_LIBRARY_PATH} PYTHONPATH=/home/host/dev_ws/autobot/src/install/turtlebot3_msgs/local/lib/python3.10/dist-packages:${PYTHONPATH} /usr/bin/cmake --install /home/host/dev_ws/autobot/src/build/turtlebot3_node
