[0.007s] Invoking command in '/home/host/dev_ws/autobot/src/build/turtlebot3_bringup': AMENT_PREFIX_PATH=/home/host/dev_ws/autobot/src/install/turtlebot3_node:/home/host/dev_ws/autobot/src/install/turtlebot3_msgs:/home/host/dev_ws/autobot/src/install/turtlebot3_description:${AMENT_PREFIX_PATH} CMAKE_PREFIX_PATH=/home/host/dev_ws/autobot/src/install/turtlebot3_node:/home/host/dev_ws/autobot/src/install/turtlebot3_msgs:/home/host/dev_ws/autobot/src/install/turtlebot3_description:/opt/ros/humble LD_LIBRARY_PATH=/home/host/dev_ws/autobot/src/install/turtlebot3_msgs/lib:${LD_LIBRARY_PATH} PYTHONPATH=/home/host/dev_ws/autobot/src/install/turtlebot3_msgs/local/lib/python3.10/dist-packages:${PYTHONPATH} /usr/bin/cmake /home/host/dev_ws/autobot/src/turtlebot3/turtlebot3_bringup -DCMAKE_INSTALL_PREFIX=/home/host/dev_ws/autobot/src/install/turtlebot3_bringup
[0.036s] -- The C compiler identification is GNU 11.4.0
[0.066s] -- The CXX compiler identification is GNU 11.4.0
[0.070s] -- Detecting C compiler ABI info
[0.107s] -- Detecting C compiler ABI info - done
[0.113s] -- Check for working C compiler: /usr/bin/cc - skipped
[0.114s] -- Detecting C compile features
[0.114s] -- Detecting C compile features - done
[0.116s] -- Detecting CXX compiler ABI info
[0.158s] -- Detecting CXX compiler ABI info - done
[0.165s] -- Check for working CXX compiler: /usr/bin/c++ - skipped
[0.165s] -- Detecting CXX compile features
[0.165s] -- Detecting CXX compile features - done
[0.170s] -- Found ament_cmake: 1.3.10 (/opt/ros/humble/share/ament_cmake/cmake)
[0.262s] -- Found Python3: /usr/bin/python3 (found version "3.10.12") found components: Interpreter 
[0.377s] -- Configuring done
[0.379s] -- Generating done
[0.380s] -- Build files have been written to: /home/host/dev_ws/autobot/src/build/turtlebot3_bringup
[0.385s] Invoked command in '/home/host/dev_ws/autobot/src/build/turtlebot3_bringup' returned '0': AMENT_PREFIX_PATH=/home/host/dev_ws/autobot/src/install/turtlebot3_node:/home/host/dev_ws/autobot/src/install/turtlebot3_msgs:/home/host/dev_ws/autobot/src/install/turtlebot3_description:${AMENT_PREFIX_PATH} CMAKE_PREFIX_PATH=/home/host/dev_ws/autobot/src/install/turtlebot3_node:/home/host/dev_ws/autobot/src/install/turtlebot3_msgs:/home/host/dev_ws/autobot/src/install/turtlebot3_description:/opt/ros/humble LD_LIBRARY_PATH=/home/host/dev_ws/autobot/src/install/turtlebot3_msgs/lib:${LD_LIBRARY_PATH} PYTHONPATH=/home/host/dev_ws/autobot/src/install/turtlebot3_msgs/local/lib/python3.10/dist-packages:${PYTHONPATH} /usr/bin/cmake /home/host/dev_ws/autobot/src/turtlebot3/turtlebot3_bringup -DCMAKE_INSTALL_PREFIX=/home/host/dev_ws/autobot/src/install/turtlebot3_bringup
[0.385s] Invoking command in '/home/host/dev_ws/autobot/src/build/turtlebot3_bringup': AMENT_PREFIX_PATH=/home/host/dev_ws/autobot/src/install/turtlebot3_node:/home/host/dev_ws/autobot/src/install/turtlebot3_msgs:/home/host/dev_ws/autobot/src/install/turtlebot3_description:${AMENT_PREFIX_PATH} CMAKE_PREFIX_PATH=/home/host/dev_ws/autobot/src/install/turtlebot3_node:/home/host/dev_ws/autobot/src/install/turtlebot3_msgs:/home/host/dev_ws/autobot/src/install/turtlebot3_description:/opt/ros/humble LD_LIBRARY_PATH=/home/host/dev_ws/autobot/src/install/turtlebot3_msgs/lib:${LD_LIBRARY_PATH} PYTHONPATH=/home/host/dev_ws/autobot/src/install/turtlebot3_msgs/local/lib/python3.10/dist-packages:${PYTHONPATH} /usr/bin/cmake --build /home/host/dev_ws/autobot/src/build/turtlebot3_bringup -- -j20 -l20
[0.404s] Invoked command in '/home/host/dev_ws/autobot/src/build/turtlebot3_bringup' returned '0': AMENT_PREFIX_PATH=/home/host/dev_ws/autobot/src/install/turtlebot3_node:/home/host/dev_ws/autobot/src/install/turtlebot3_msgs:/home/host/dev_ws/autobot/src/install/turtlebot3_description:${AMENT_PREFIX_PATH} CMAKE_PREFIX_PATH=/home/host/dev_ws/autobot/src/install/turtlebot3_node:/home/host/dev_ws/autobot/src/install/turtlebot3_msgs:/home/host/dev_ws/autobot/src/install/turtlebot3_description:/opt/ros/humble LD_LIBRARY_PATH=/home/host/dev_ws/autobot/src/install/turtlebot3_msgs/lib:${LD_LIBRARY_PATH} PYTHONPATH=/home/host/dev_ws/autobot/src/install/turtlebot3_msgs/local/lib/python3.10/dist-packages:${PYTHONPATH} /usr/bin/cmake --build /home/host/dev_ws/autobot/src/build/turtlebot3_bringup -- -j20 -l20
[0.405s] Invoking command in '/home/host/dev_ws/autobot/src/build/turtlebot3_bringup': AMENT_PREFIX_PATH=/home/host/dev_ws/autobot/src/install/turtlebot3_node:/home/host/dev_ws/autobot/src/install/turtlebot3_msgs:/home/host/dev_ws/autobot/src/install/turtlebot3_description:${AMENT_PREFIX_PATH} CMAKE_PREFIX_PATH=/home/host/dev_ws/autobot/src/install/turtlebot3_node:/home/host/dev_ws/autobot/src/install/turtlebot3_msgs:/home/host/dev_ws/autobot/src/install/turtlebot3_description:/opt/ros/humble LD_LIBRARY_PATH=/home/host/dev_ws/autobot/src/install/turtlebot3_msgs/lib:${LD_LIBRARY_PATH} PYTHONPATH=/home/host/dev_ws/autobot/src/install/turtlebot3_msgs/local/lib/python3.10/dist-packages:${PYTHONPATH} /usr/bin/cmake --install /home/host/dev_ws/autobot/src/build/turtlebot3_bringup
[0.408s] -- Install configuration: ""
[0.408s] -- Installing: /home/host/dev_ws/autobot/src/install/turtlebot3_bringup/share/turtlebot3_bringup/launch
[0.408s] -- Installing: /home/host/dev_ws/autobot/src/install/turtlebot3_bringup/share/turtlebot3_bringup/launch/turtlebot3_state_publisher.launch.py
[0.409s] -- Installing: /home/host/dev_ws/autobot/src/install/turtlebot3_bringup/share/turtlebot3_bringup/launch/robot.launch.py
[0.409s] -- Installing: /home/host/dev_ws/autobot/src/install/turtlebot3_bringup/share/turtlebot3_bringup/launch/rviz2.launch.py
[0.409s] -- Installing: /home/host/dev_ws/autobot/src/install/turtlebot3_bringup/share/turtlebot3_bringup/param
[0.409s] -- Installing: /home/host/dev_ws/autobot/src/install/turtlebot3_bringup/share/turtlebot3_bringup/param/burger.yaml
[0.409s] -- Installing: /home/host/dev_ws/autobot/src/install/turtlebot3_bringup/share/turtlebot3_bringup/param/waffle.yaml
[0.409s] -- Installing: /home/host/dev_ws/autobot/src/install/turtlebot3_bringup/share/turtlebot3_bringup/param/waffle_pi.yaml
[0.409s] -- Installing: /home/host/dev_ws/autobot/src/install/turtlebot3_bringup/share/turtlebot3_bringup/script
[0.409s] -- Installing: /home/host/dev_ws/autobot/src/install/turtlebot3_bringup/share/turtlebot3_bringup/script/create_udev_rules
[0.409s] -- Installing: /home/host/dev_ws/autobot/src/install/turtlebot3_bringup/share/turtlebot3_bringup/script/99-turtlebot3-cdc.rules
[0.409s] -- Installing: /home/host/dev_ws/autobot/src/install/turtlebot3_bringup/share/ament_index/resource_index/package_run_dependencies/turtlebot3_bringup
[0.410s] -- Installing: /home/host/dev_ws/autobot/src/install/turtlebot3_bringup/share/ament_index/resource_index/parent_prefix_path/turtlebot3_bringup
[0.410s] -- Installing: /home/host/dev_ws/autobot/src/install/turtlebot3_bringup/share/turtlebot3_bringup/environment/ament_prefix_path.sh
[0.410s] -- Installing: /home/host/dev_ws/autobot/src/install/turtlebot3_bringup/share/turtlebot3_bringup/environment/ament_prefix_path.dsv
[0.410s] -- Installing: /home/host/dev_ws/autobot/src/install/turtlebot3_bringup/share/turtlebot3_bringup/environment/path.sh
[0.410s] -- Installing: /home/host/dev_ws/autobot/src/install/turtlebot3_bringup/share/turtlebot3_bringup/environment/path.dsv
[0.410s] -- Installing: /home/host/dev_ws/autobot/src/install/turtlebot3_bringup/share/turtlebot3_bringup/local_setup.bash
[0.410s] -- Installing: /home/host/dev_ws/autobot/src/install/turtlebot3_bringup/share/turtlebot3_bringup/local_setup.sh
[0.410s] -- Installing: /home/host/dev_ws/autobot/src/install/turtlebot3_bringup/share/turtlebot3_bringup/local_setup.zsh
[0.410s] -- Installing: /home/host/dev_ws/autobot/src/install/turtlebot3_bringup/share/turtlebot3_bringup/local_setup.dsv
[0.410s] -- Installing: /home/host/dev_ws/autobot/src/install/turtlebot3_bringup/share/turtlebot3_bringup/package.dsv
[0.410s] -- Installing: /home/host/dev_ws/autobot/src/install/turtlebot3_bringup/share/ament_index/resource_index/packages/turtlebot3_bringup
[0.410s] -- Installing: /home/host/dev_ws/autobot/src/install/turtlebot3_bringup/share/turtlebot3_bringup/cmake/turtlebot3_bringupConfig.cmake
[0.410s] -- Installing: /home/host/dev_ws/autobot/src/install/turtlebot3_bringup/share/turtlebot3_bringup/cmake/turtlebot3_bringupConfig-version.cmake
[0.411s] -- Installing: /home/host/dev_ws/autobot/src/install/turtlebot3_bringup/share/turtlebot3_bringup/package.xml
[0.412s] Invoked command in '/home/host/dev_ws/autobot/src/build/turtlebot3_bringup' returned '0': AMENT_PREFIX_PATH=/home/host/dev_ws/autobot/src/install/turtlebot3_node:/home/host/dev_ws/autobot/src/install/turtlebot3_msgs:/home/host/dev_ws/autobot/src/install/turtlebot3_description:${AMENT_PREFIX_PATH} CMAKE_PREFIX_PATH=/home/host/dev_ws/autobot/src/install/turtlebot3_node:/home/host/dev_ws/autobot/src/install/turtlebot3_msgs:/home/host/dev_ws/autobot/src/install/turtlebot3_description:/opt/ros/humble LD_LIBRARY_PATH=/home/host/dev_ws/autobot/src/install/turtlebot3_msgs/lib:${LD_LIBRARY_PATH} PYTHONPATH=/home/host/dev_ws/autobot/src/install/turtlebot3_msgs/local/lib/python3.10/dist-packages:${PYTHONPATH} /usr/bin/cmake --install /home/host/dev_ws/autobot/src/build/turtlebot3_bringup
