[0.011s] Invoking command in '/home/host/dev_ws/autobot/src/build/turtlebot3': AMENT_PREFIX_PATH=/home/host/dev_ws/autobot/src/install/turtlebot3_bringup:/home/host/dev_ws/autobot/src/install/turtlebot3_node:/home/host/dev_ws/autobot/src/install/turtlebot3_example:/home/host/dev_ws/autobot/src/install/turtlebot3_teleop:/home/host/dev_ws/autobot/src/install/turtlebot3_navigation2:/home/host/dev_ws/autobot/src/install/turtlebot3_msgs:/home/host/dev_ws/autobot/src/install/turtlebot3_description:/home/host/dev_ws/autobot/src/install/turtlebot3_cartographer:${AMENT_PREFIX_PATH} CMAKE_PREFIX_PATH=/home/host/dev_ws/autobot/src/install/turtlebot3_bringup:/home/host/dev_ws/autobot/src/install/turtlebot3_node:/home/host/dev_ws/autobot/src/install/turtlebot3_navigation2:/home/host/dev_ws/autobot/src/install/turtlebot3_msgs:/home/host/dev_ws/autobot/src/install/turtlebot3_description:/home/host/dev_ws/autobot/src/install/turtlebot3_cartographer:/opt/ros/humble LD_LIBRARY_PATH=/home/host/dev_ws/autobot/src/install/turtlebot3_msgs/lib:${LD_LIBRARY_PATH} PYTHONPATH=/home/host/dev_ws/autobot/src/install/turtlebot3_example/lib/python3.10/site-packages:/home/host/dev_ws/autobot/src/install/turtlebot3_teleop/lib/python3.10/site-packages:/home/host/dev_ws/autobot/src/install/turtlebot3_msgs/local/lib/python3.10/dist-packages:${PYTHONPATH} /usr/bin/cmake /home/host/dev_ws/autobot/src/turtlebot3/turtlebot3 -DCMAKE_INSTALL_PREFIX=/home/host/dev_ws/autobot/src/install/turtlebot3
[0.040s] -- The C compiler identification is GNU 11.4.0
[0.070s] -- The CXX compiler identification is GNU 11.4.0
[0.074s] -- Detecting C compiler ABI info
[0.110s] -- Detecting C compiler ABI info - done
[0.115s] -- Check for working C compiler: /usr/bin/cc - skipped
[0.115s] -- Detecting C compile features
[0.115s] -- Detecting C compile features - done
[0.117s] -- Detecting CXX compiler ABI info
[0.160s] -- Detecting CXX compiler ABI info - done
[0.164s] -- Check for working CXX compiler: /usr/bin/c++ - skipped
[0.164s] -- Detecting CXX compile features
[0.164s] -- Detecting CXX compile features - done
[0.169s] -- Found ament_cmake: 1.3.10 (/opt/ros/humble/share/ament_cmake/cmake)
[0.264s] -- Found Python3: /usr/bin/python3 (found version "3.10.12") found components: Interpreter 
[0.381s] -- Configuring done
[0.382s] -- Generating done
[0.383s] -- Build files have been written to: /home/host/dev_ws/autobot/src/build/turtlebot3
[0.386s] Invoked command in '/home/host/dev_ws/autobot/src/build/turtlebot3' returned '0': AMENT_PREFIX_PATH=/home/host/dev_ws/autobot/src/install/turtlebot3_bringup:/home/host/dev_ws/autobot/src/install/turtlebot3_node:/home/host/dev_ws/autobot/src/install/turtlebot3_example:/home/host/dev_ws/autobot/src/install/turtlebot3_teleop:/home/host/dev_ws/autobot/src/install/turtlebot3_navigation2:/home/host/dev_ws/autobot/src/install/turtlebot3_msgs:/home/host/dev_ws/autobot/src/install/turtlebot3_description:/home/host/dev_ws/autobot/src/install/turtlebot3_cartographer:${AMENT_PREFIX_PATH} CMAKE_PREFIX_PATH=/home/host/dev_ws/autobot/src/install/turtlebot3_bringup:/home/host/dev_ws/autobot/src/install/turtlebot3_node:/home/host/dev_ws/autobot/src/install/turtlebot3_navigation2:/home/host/dev_ws/autobot/src/install/turtlebot3_msgs:/home/host/dev_ws/autobot/src/install/turtlebot3_description:/home/host/dev_ws/autobot/src/install/turtlebot3_cartographer:/opt/ros/humble LD_LIBRARY_PATH=/home/host/dev_ws/autobot/src/install/turtlebot3_msgs/lib:${LD_LIBRARY_PATH} PYTHONPATH=/home/host/dev_ws/autobot/src/install/turtlebot3_example/lib/python3.10/site-packages:/home/host/dev_ws/autobot/src/install/turtlebot3_teleop/lib/python3.10/site-packages:/home/host/dev_ws/autobot/src/install/turtlebot3_msgs/local/lib/python3.10/dist-packages:${PYTHONPATH} /usr/bin/cmake /home/host/dev_ws/autobot/src/turtlebot3/turtlebot3 -DCMAKE_INSTALL_PREFIX=/home/host/dev_ws/autobot/src/install/turtlebot3
[0.386s] Invoking command in '/home/host/dev_ws/autobot/src/build/turtlebot3': AMENT_PREFIX_PATH=/home/host/dev_ws/autobot/src/install/turtlebot3_bringup:/home/host/dev_ws/autobot/src/install/turtlebot3_node:/home/host/dev_ws/autobot/src/install/turtlebot3_example:/home/host/dev_ws/autobot/src/install/turtlebot3_teleop:/home/host/dev_ws/autobot/src/install/turtlebot3_navigation2:/home/host/dev_ws/autobot/src/install/turtlebot3_msgs:/home/host/dev_ws/autobot/src/install/turtlebot3_description:/home/host/dev_ws/autobot/src/install/turtlebot3_cartographer:${AMENT_PREFIX_PATH} CMAKE_PREFIX_PATH=/home/host/dev_ws/autobot/src/install/turtlebot3_bringup:/home/host/dev_ws/autobot/src/install/turtlebot3_node:/home/host/dev_ws/autobot/src/install/turtlebot3_navigation2:/home/host/dev_ws/autobot/src/install/turtlebot3_msgs:/home/host/dev_ws/autobot/src/install/turtlebot3_description:/home/host/dev_ws/autobot/src/install/turtlebot3_cartographer:/opt/ros/humble LD_LIBRARY_PATH=/home/host/dev_ws/autobot/src/install/turtlebot3_msgs/lib:${LD_LIBRARY_PATH} PYTHONPATH=/home/host/dev_ws/autobot/src/install/turtlebot3_example/lib/python3.10/site-packages:/home/host/dev_ws/autobot/src/install/turtlebot3_teleop/lib/python3.10/site-packages:/home/host/dev_ws/autobot/src/install/turtlebot3_msgs/local/lib/python3.10/dist-packages:${PYTHONPATH} /usr/bin/cmake --build /home/host/dev_ws/autobot/src/build/turtlebot3 -- -j20 -l20
[0.404s] Invoked command in '/home/host/dev_ws/autobot/src/build/turtlebot3' returned '0': AMENT_PREFIX_PATH=/home/host/dev_ws/autobot/src/install/turtlebot3_bringup:/home/host/dev_ws/autobot/src/install/turtlebot3_node:/home/host/dev_ws/autobot/src/install/turtlebot3_example:/home/host/dev_ws/autobot/src/install/turtlebot3_teleop:/home/host/dev_ws/autobot/src/install/turtlebot3_navigation2:/home/host/dev_ws/autobot/src/install/turtlebot3_msgs:/home/host/dev_ws/autobot/src/install/turtlebot3_description:/home/host/dev_ws/autobot/src/install/turtlebot3_cartographer:${AMENT_PREFIX_PATH} CMAKE_PREFIX_PATH=/home/host/dev_ws/autobot/src/install/turtlebot3_bringup:/home/host/dev_ws/autobot/src/install/turtlebot3_node:/home/host/dev_ws/autobot/src/install/turtlebot3_navigation2:/home/host/dev_ws/autobot/src/install/turtlebot3_msgs:/home/host/dev_ws/autobot/src/install/turtlebot3_description:/home/host/dev_ws/autobot/src/install/turtlebot3_cartographer:/opt/ros/humble LD_LIBRARY_PATH=/home/host/dev_ws/autobot/src/install/turtlebot3_msgs/lib:${LD_LIBRARY_PATH} PYTHONPATH=/home/host/dev_ws/autobot/src/install/turtlebot3_example/lib/python3.10/site-packages:/home/host/dev_ws/autobot/src/install/turtlebot3_teleop/lib/python3.10/site-packages:/home/host/dev_ws/autobot/src/install/turtlebot3_msgs/local/lib/python3.10/dist-packages:${PYTHONPATH} /usr/bin/cmake --build /home/host/dev_ws/autobot/src/build/turtlebot3 -- -j20 -l20
[0.405s] Invoking command in '/home/host/dev_ws/autobot/src/build/turtlebot3': AMENT_PREFIX_PATH=/home/host/dev_ws/autobot/src/install/turtlebot3_bringup:/home/host/dev_ws/autobot/src/install/turtlebot3_node:/home/host/dev_ws/autobot/src/install/turtlebot3_example:/home/host/dev_ws/autobot/src/install/turtlebot3_teleop:/home/host/dev_ws/autobot/src/install/turtlebot3_navigation2:/home/host/dev_ws/autobot/src/install/turtlebot3_msgs:/home/host/dev_ws/autobot/src/install/turtlebot3_description:/home/host/dev_ws/autobot/src/install/turtlebot3_cartographer:${AMENT_PREFIX_PATH} CMAKE_PREFIX_PATH=/home/host/dev_ws/autobot/src/install/turtlebot3_bringup:/home/host/dev_ws/autobot/src/install/turtlebot3_node:/home/host/dev_ws/autobot/src/install/turtlebot3_navigation2:/home/host/dev_ws/autobot/src/install/turtlebot3_msgs:/home/host/dev_ws/autobot/src/install/turtlebot3_description:/home/host/dev_ws/autobot/src/install/turtlebot3_cartographer:/opt/ros/humble LD_LIBRARY_PATH=/home/host/dev_ws/autobot/src/install/turtlebot3_msgs/lib:${LD_LIBRARY_PATH} PYTHONPATH=/home/host/dev_ws/autobot/src/install/turtlebot3_example/lib/python3.10/site-packages:/home/host/dev_ws/autobot/src/install/turtlebot3_teleop/lib/python3.10/site-packages:/home/host/dev_ws/autobot/src/install/turtlebot3_msgs/local/lib/python3.10/dist-packages:${PYTHONPATH} /usr/bin/cmake --install /home/host/dev_ws/autobot/src/build/turtlebot3
[0.408s] -- Install configuration: ""
[0.409s] -- Installing: /home/host/dev_ws/autobot/src/install/turtlebot3/share/ament_index/resource_index/package_run_dependencies/turtlebot3
[0.409s] -- Installing: /home/host/dev_ws/autobot/src/install/turtlebot3/share/ament_index/resource_index/parent_prefix_path/turtlebot3
[0.409s] -- Installing: /home/host/dev_ws/autobot/src/install/turtlebot3/share/turtlebot3/environment/ament_prefix_path.sh
[0.409s] -- Installing: /home/host/dev_ws/autobot/src/install/turtlebot3/share/turtlebot3/environment/ament_prefix_path.dsv
[0.409s] -- Installing: /home/host/dev_ws/autobot/src/install/turtlebot3/share/turtlebot3/environment/path.sh
[0.409s] -- Installing: /home/host/dev_ws/autobot/src/install/turtlebot3/share/turtlebot3/environment/path.dsv
[0.409s] -- Installing: /home/host/dev_ws/autobot/src/install/turtlebot3/share/turtlebot3/local_setup.bash
[0.409s] -- Installing: /home/host/dev_ws/autobot/src/install/turtlebot3/share/turtlebot3/local_setup.sh
[0.409s] -- Installing: /home/host/dev_ws/autobot/src/install/turtlebot3/share/turtlebot3/local_setup.zsh
[0.409s] -- Installing: /home/host/dev_ws/autobot/src/install/turtlebot3/share/turtlebot3/local_setup.dsv
[0.409s] -- Installing: /home/host/dev_ws/autobot/src/install/turtlebot3/share/turtlebot3/package.dsv
[0.409s] -- Installing: /home/host/dev_ws/autobot/src/install/turtlebot3/share/ament_index/resource_index/packages/turtlebot3
[0.410s] -- Installing: /home/host/dev_ws/autobot/src/install/turtlebot3/share/turtlebot3/cmake/turtlebot3Config.cmake
[0.410s] -- Installing: /home/host/dev_ws/autobot/src/install/turtlebot3/share/turtlebot3/cmake/turtlebot3Config-version.cmake
[0.410s] -- Installing: /home/host/dev_ws/autobot/src/install/turtlebot3/share/turtlebot3/package.xml
[0.410s] Invoked command in '/home/host/dev_ws/autobot/src/build/turtlebot3' returned '0': AMENT_PREFIX_PATH=/home/host/dev_ws/autobot/src/install/turtlebot3_bringup:/home/host/dev_ws/autobot/src/install/turtlebot3_node:/home/host/dev_ws/autobot/src/install/turtlebot3_example:/home/host/dev_ws/autobot/src/install/turtlebot3_teleop:/home/host/dev_ws/autobot/src/install/turtlebot3_navigation2:/home/host/dev_ws/autobot/src/install/turtlebot3_msgs:/home/host/dev_ws/autobot/src/install/turtlebot3_description:/home/host/dev_ws/autobot/src/install/turtlebot3_cartographer:${AMENT_PREFIX_PATH} CMAKE_PREFIX_PATH=/home/host/dev_ws/autobot/src/install/turtlebot3_bringup:/home/host/dev_ws/autobot/src/install/turtlebot3_node:/home/host/dev_ws/autobot/src/install/turtlebot3_navigation2:/home/host/dev_ws/autobot/src/install/turtlebot3_msgs:/home/host/dev_ws/autobot/src/install/turtlebot3_description:/home/host/dev_ws/autobot/src/install/turtlebot3_cartographer:/opt/ros/humble LD_LIBRARY_PATH=/home/host/dev_ws/autobot/src/install/turtlebot3_msgs/lib:${LD_LIBRARY_PATH} PYTHONPATH=/home/host/dev_ws/autobot/src/install/turtlebot3_example/lib/python3.10/site-packages:/home/host/dev_ws/autobot/src/install/turtlebot3_teleop/lib/python3.10/site-packages:/home/host/dev_ws/autobot/src/install/turtlebot3_msgs/local/lib/python3.10/dist-packages:${PYTHONPATH} /usr/bin/cmake --install /home/host/dev_ws/autobot/src/build/turtlebot3
